<?xml version="1.0" encoding="UTF-8"?>
<robot generator="Robot 6.0.2 (Python 3.11.1 on darwin)" generated="20230327 18:59:15.944" rpa="false" schemaversion="3">
<suite id="s1" name="Suites">
<suite id="s1-s1" name="TC3" source="/Users/adammoreau/SDET/TestCases/TC3.robot">
<test id="s1-s1-t1" name="Testcase1" line="10">
<kw name="Log To Console" library="BuiltIn">
<arg>hey i'm test case number1</arg>
<doc>Logs the given message to the console.</doc>
<status status="PASS" starttime="20230327 18:59:16.178" endtime="20230327 18:59:16.179"/>
</kw>
<tag>login</tag>
<status status="PASS" starttime="20230327 18:59:16.178" endtime="20230327 18:59:16.179"/>
</test>
<test id="s1-s1-t2" name="Testcase2" line="14">
<kw name="Log To Console" library="BuiltIn">
<arg>hey i'm test case number2</arg>
<doc>Logs the given message to the console.</doc>
<status status="PASS" starttime="20230327 18:59:16.179" endtime="20230327 18:59:16.180"/>
</kw>
<status status="PASS" starttime="20230327 18:59:16.179" endtime="20230327 18:59:16.180"/>
</test>
<test id="s1-s1-t3" name="Testcase3" line="16">
<kw name="Log To Console" library="BuiltIn">
<arg>hey i'm test case number3</arg>
<doc>Logs the given message to the console.</doc>
<status status="PASS" starttime="20230327 18:59:16.180" endtime="20230327 18:59:16.180"/>
</kw>
<tag>login</tag>
<status status="PASS" starttime="20230327 18:59:16.180" endtime="20230327 18:59:16.181"/>
</test>
<status status="PASS" starttime="20230327 18:59:15.970" endtime="20230327 18:59:16.181"/>
</suite>
<status status="PASS" starttime="20230327 18:59:15.952" endtime="20230327 18:59:16.182"/>
</suite>
<statistics>
<total>
<stat pass="3" fail="0" skip="0">All Tests</stat>
</total>
<tag>
<stat pass="2" fail="0" skip="0">login</stat>
</tag>
<suite>
<stat pass="3" fail="0" skip="0" id="s1" name="Suites">Suites</stat>
<stat pass="3" fail="0" skip="0" id="s1-s1" name="TC3">Suites.TC3</stat>
</suite>
</statistics>
<errors>
</errors>
</robot>
