<?xml version="1.0" encoding="UTF-8"?>
<robot generator="Robot 6.0.2 (Python 3.11.1 on darwin)" generated="20230327 19:00:03.737" rpa="false" schemaversion="3">
<suite id="s1" name="TC1 &amp; TC2 &amp; TC3">
<suite id="s1-s1" name="TC1" source="/Users/adammoreau/SDET/TestCases/TC1.robot">
<test id="s1-s1-t1" name="skip LoginTest" line="14">
<kw name="Start Test" library="Common" type="SETUP">
<kw name="Open Browser" library="SeleniumLibrary">
<arg>About:Blanck</arg>
<arg>${BROWSER}</arg>
<doc>Opens a new browser instance to the optional ``url``.</doc>
<msg timestamp="20230327 19:00:03.897" level="INFO">Opening browser 'chrome' to base url 'About:Blanck'.</msg>
<status status="PASS" starttime="20230327 19:00:03.896" endtime="20230327 19:00:06.147"/>
</kw>
<kw name="Maximize Browser Window" library="SeleniumLibrary">
<doc>Maximizes current browser window.</doc>
<status status="PASS" starttime="20230327 19:00:06.148" endtime="20230327 19:00:06.355"/>
</kw>
<status status="PASS" starttime="20230327 19:00:03.896" endtime="20230327 19:00:06.355"/>
</kw>
<kw name="Go To" library="SeleniumLibrary">
<arg>${URL.${env}}</arg>
<doc>Navigates the current browser window to the provided ``url``.</doc>
<msg timestamp="20230327 19:00:06.357" level="INFO">Opening url 'https://demo.nopcommerce.com'</msg>
<status status="PASS" starttime="20230327 19:00:06.356" endtime="20230327 19:00:06.717"/>
</kw>
<kw name="Click Link" library="SeleniumLibrary">
<arg>xpath://a[@class='ico-login']</arg>
<doc>Clicks a link identified by ``locator``.</doc>
<msg timestamp="20230327 19:00:06.718" level="INFO">Clicking link 'xpath://a[@class='ico-login']'.</msg>
<msg timestamp="20230327 19:00:08.846" level="INFO" html="true">&lt;/td&gt;&lt;/tr&gt;&lt;tr&gt;&lt;td colspan="3"&gt;&lt;a href="selenium-screenshot-36.png"&gt;&lt;img src="selenium-screenshot-36.png" width="800px"&gt;&lt;/a&gt;</msg>
<msg timestamp="20230327 19:00:08.847" level="FAIL">Link with locator 'xpath://a[@class='ico-login']' not found.</msg>
<status status="FAIL" starttime="20230327 19:00:06.717" endtime="20230327 19:00:08.849"/>
</kw>
<kw name="Input Text" library="SeleniumLibrary">
<arg>id:Email</arg>
<arg>pavanoltraining@gmail.com</arg>
<doc>Types the given ``text`` into the text field identified by ``locator``.</doc>
<status status="NOT RUN" starttime="20230327 19:00:08.849" endtime="20230327 19:00:08.849"/>
</kw>
<kw name="Input Text" library="SeleniumLibrary">
<arg>id:Password</arg>
<arg>Test123</arg>
<doc>Types the given ``text`` into the text field identified by ``locator``.</doc>
<status status="NOT RUN" starttime="20230327 19:00:08.850" endtime="20230327 19:00:08.850"/>
</kw>
<kw name="Click Element" library="SeleniumLibrary">
<arg>xpath://button[@class='button-1 login-button']</arg>
<doc>Click the element identified by ``locator``.</doc>
<status status="NOT RUN" starttime="20230327 19:00:08.850" endtime="20230327 19:00:08.850"/>
</kw>
<kw name="Sleep" library="BuiltIn">
<arg>3</arg>
<doc>Pauses the test executed for the given time.</doc>
<status status="NOT RUN" starttime="20230327 19:00:08.850" endtime="20230327 19:00:08.850"/>
</kw>
<kw name="End Test" library="Common" type="TEARDOWN">
<kw name="Close Browser" library="SeleniumLibrary">
<doc>Closes the current browser.</doc>
<status status="PASS" starttime="20230327 19:00:08.851" endtime="20230327 19:00:08.946"/>
</kw>
<status status="PASS" starttime="20230327 19:00:08.851" endtime="20230327 19:00:08.946"/>
</kw>
<status status="FAIL" starttime="20230327 19:00:03.896" endtime="20230327 19:00:08.946">Link with locator 'xpath://a[@class='ico-login']' not found.</status>
</test>
<status status="FAIL" starttime="20230327 19:00:03.757" endtime="20230327 19:00:08.947"/>
</suite>
<suite id="s1-s2" name="TC2" source="/Users/adammoreau/SDET/TestCases/TC2.robot">
<test id="s1-s2-t1" name="skip LoginTest" line="14">
<kw name="Start Test" library="Common" type="SETUP">
<kw name="Open Browser" library="SeleniumLibrary">
<arg>About:Blanck</arg>
<arg>${BROWSER}</arg>
<doc>Opens a new browser instance to the optional ``url``.</doc>
<msg timestamp="20230327 19:00:08.952" level="INFO">Opening browser 'chrome' to base url 'About:Blanck'.</msg>
<status status="PASS" starttime="20230327 19:00:08.952" endtime="20230327 19:00:10.988"/>
</kw>
<kw name="Maximize Browser Window" library="SeleniumLibrary">
<doc>Maximizes current browser window.</doc>
<status status="PASS" starttime="20230327 19:00:10.989" endtime="20230327 19:00:11.200"/>
</kw>
<status status="PASS" starttime="20230327 19:00:08.951" endtime="20230327 19:00:11.200"/>
</kw>
<kw name="Go To" library="SeleniumLibrary">
<arg>https://www.conseilsmarketing.com/autres-conseils-marketing/definition-dun-site-web-website/</arg>
<doc>Navigates the current browser window to the provided ``url``.</doc>
<msg timestamp="20230327 19:00:11.201" level="INFO">Opening url 'https://www.conseilsmarketing.com/autres-conseils-marketing/definition-dun-site-web-website/'</msg>
<status status="PASS" starttime="20230327 19:00:11.200" endtime="20230327 19:00:12.523"/>
</kw>
<kw name="Get Element Count" library="SeleniumLibrary">
<var>${countme}</var>
<arg>xpath://a</arg>
<doc>Returns the number of elements matching ``locator``.</doc>
<msg timestamp="20230327 19:00:12.561" level="INFO">${countme} = 156</msg>
<status status="PASS" starttime="20230327 19:00:12.523" endtime="20230327 19:00:12.561"/>
</kw>
<kw name="Log To Console" library="BuiltIn">
<arg>${countme}</arg>
<doc>Logs the given message to the console.</doc>
<status status="PASS" starttime="20230327 19:00:12.561" endtime="20230327 19:00:12.561"/>
</kw>
<kw name="Create List" library="BuiltIn">
<var>@{LinkItems}</var>
<doc>Returns a list containing given items.</doc>
<msg timestamp="20230327 19:00:12.562" level="INFO">@{LinkItems} = [ ]</msg>
<status status="PASS" starttime="20230327 19:00:12.561" endtime="20230327 19:00:12.562"/>
</kw>
<for flavor="IN RANGE">
<var>${i}</var>
<value>1</value>
<value>${countme}</value>
<iter>
<var name="${i}">1</var>
<kw name="Get Text" library="SeleniumLibrary">
<var>${linkText}</var>
<arg>xpath:(//a)[${i}]</arg>
<doc>Returns the text value of the element identified by ``locator``.</doc>
<msg timestamp="20230327 19:00:12.615" level="INFO">${linkText} = </msg>
<status status="PASS" starttime="20230327 19:00:12.562" endtime="20230327 19:00:12.615"/>
</kw>
<kw name="Log To Console" library="BuiltIn">
<arg>${linkText}</arg>
<doc>Logs the given message to the console.</doc>
<status status="PASS" starttime="20230327 19:00:12.615" endtime="20230327 19:00:12.615"/>
</kw>
<status status="PASS" starttime="20230327 19:00:12.562" endtime="20230327 19:00:12.615"/>
</iter>
<iter>
<var name="${i}">2</var>
<kw name="Get Text" library="SeleniumLibrary">
<var>${linkText}</var>
<arg>xpath:(//a)[${i}]</arg>
<doc>Returns the text value of the element identified by ``locator``.</doc>
<msg timestamp="20230327 19:00:12.655" level="INFO">${linkText} = </msg>
<status status="PASS" starttime="20230327 19:00:12.615" endtime="20230327 19:00:12.655"/>
</kw>
<kw name="Log To Console" library="BuiltIn">
<arg>${linkText}</arg>
<doc>Logs the given message to the console.</doc>
<status status="PASS" starttime="20230327 19:00:12.656" endtime="20230327 19:00:12.656"/>
</kw>
<status status="PASS" starttime="20230327 19:00:12.615" endtime="20230327 19:00:12.656"/>
</iter>
<iter>
<var name="${i}">3</var>
<kw name="Get Text" library="SeleniumLibrary">
<var>${linkText}</var>
<arg>xpath:(//a)[${i}]</arg>
<doc>Returns the text value of the element identified by ``locator``.</doc>
<msg timestamp="20230327 19:00:12.678" level="INFO">${linkText} = </msg>
<status status="PASS" starttime="20230327 19:00:12.656" endtime="20230327 19:00:12.679"/>
</kw>
<kw name="Log To Console" library="BuiltIn">
<arg>${linkText}</arg>
<doc>Logs the given message to the console.</doc>
<status status="PASS" starttime="20230327 19:00:12.679" endtime="20230327 19:00:12.679"/>
</kw>
<status status="PASS" starttime="20230327 19:00:12.656" endtime="20230327 19:00:12.679"/>
</iter>
<iter>
<var name="${i}">4</var>
<kw name="Get Text" library="SeleniumLibrary">
<var>${linkText}</var>
<arg>xpath:(//a)[${i}]</arg>
<doc>Returns the text value of the element identified by ``locator``.</doc>
<msg timestamp="20230327 19:00:12.700" level="INFO">${linkText} = </msg>
<status status="PASS" starttime="20230327 19:00:12.679" endtime="20230327 19:00:12.700"/>
</kw>
<kw name="Log To Console" library="BuiltIn">
<arg>${linkText}</arg>
<doc>Logs the given message to the console.</doc>
<status status="PASS" starttime="20230327 19:00:12.700" endtime="20230327 19:00:12.701"/>
</kw>
<status status="PASS" starttime="20230327 19:00:12.679" endtime="20230327 19:00:12.701"/>
</iter>
<iter>
<var name="${i}">5</var>
<kw name="Get Text" library="SeleniumLibrary">
<var>${linkText}</var>
<arg>xpath:(//a)[${i}]</arg>
<doc>Returns the text value of the element identified by ``locator``.</doc>
<msg timestamp="20230327 19:00:12.928" level="INFO">${linkText} = </msg>
<status status="PASS" starttime="20230327 19:00:12.701" endtime="20230327 19:00:12.928"/>
</kw>
<kw name="Log To Console" library="BuiltIn">
<arg>${linkText}</arg>
<doc>Logs the given message to the console.</doc>
<status status="PASS" starttime="20230327 19:00:12.928" endtime="20230327 19:00:12.929"/>
</kw>
<status status="PASS" starttime="20230327 19:00:12.701" endtime="20230327 19:00:12.929"/>
</iter>
<iter>
<var name="${i}">6</var>
<kw name="Get Text" library="SeleniumLibrary">
<var>${linkText}</var>
<arg>xpath:(//a)[${i}]</arg>
<doc>Returns the text value of the element identified by ``locator``.</doc>
<msg timestamp="20230327 19:00:13.079" level="INFO">${linkText} = </msg>
<status status="PASS" starttime="20230327 19:00:12.929" endtime="20230327 19:00:13.079"/>
</kw>
<kw name="Log To Console" library="BuiltIn">
<arg>${linkText}</arg>
<doc>Logs the given message to the console.</doc>
<status status="PASS" starttime="20230327 19:00:13.079" endtime="20230327 19:00:13.079"/>
</kw>
<status status="PASS" starttime="20230327 19:00:12.929" endtime="20230327 19:00:13.079"/>
</iter>
<iter>
<var name="${i}">7</var>
<kw name="Get Text" library="SeleniumLibrary">
<var>${linkText}</var>
<arg>xpath:(//a)[${i}]</arg>
<doc>Returns the text value of the element identified by ``locator``.</doc>
<msg timestamp="20230327 19:00:13.100" level="INFO">${linkText} = </msg>
<status status="PASS" starttime="20230327 19:00:13.080" endtime="20230327 19:00:13.100"/>
</kw>
<kw name="Log To Console" library="BuiltIn">
<arg>${linkText}</arg>
<doc>Logs the given message to the console.</doc>
<status status="PASS" starttime="20230327 19:00:13.100" endtime="20230327 19:00:13.101"/>
</kw>
<status status="PASS" starttime="20230327 19:00:13.080" endtime="20230327 19:00:13.101"/>
</iter>
<iter>
<var name="${i}">8</var>
<kw name="Get Text" library="SeleniumLibrary">
<var>${linkText}</var>
<arg>xpath:(//a)[${i}]</arg>
<doc>Returns the text value of the element identified by ``locator``.</doc>
<msg timestamp="20230327 19:00:13.119" level="INFO">${linkText} = </msg>
<status status="PASS" starttime="20230327 19:00:13.101" endtime="20230327 19:00:13.119"/>
</kw>
<kw name="Log To Console" library="BuiltIn">
<arg>${linkText}</arg>
<doc>Logs the given message to the console.</doc>
<status status="PASS" starttime="20230327 19:00:13.119" endtime="20230327 19:00:13.119"/>
</kw>
<status status="PASS" starttime="20230327 19:00:13.101" endtime="20230327 19:00:13.119"/>
</iter>
<iter>
<var name="${i}">9</var>
<kw name="Get Text" library="SeleniumLibrary">
<var>${linkText}</var>
<arg>xpath:(//a)[${i}]</arg>
<doc>Returns the text value of the element identified by ``locator``.</doc>
<msg timestamp="20230327 19:00:13.138" level="INFO">${linkText} = </msg>
<status status="PASS" starttime="20230327 19:00:13.119" endtime="20230327 19:00:13.138"/>
</kw>
<kw name="Log To Console" library="BuiltIn">
<arg>${linkText}</arg>
<doc>Logs the given message to the console.</doc>
<status status="PASS" starttime="20230327 19:00:13.138" endtime="20230327 19:00:13.138"/>
</kw>
<status status="PASS" starttime="20230327 19:00:13.119" endtime="20230327 19:00:13.139"/>
</iter>
<iter>
<var name="${i}">10</var>
<kw name="Get Text" library="SeleniumLibrary">
<var>${linkText}</var>
<arg>xpath:(//a)[${i}]</arg>
<doc>Returns the text value of the element identified by ``locator``.</doc>
<msg timestamp="20230327 19:00:13.158" level="INFO">${linkText} = </msg>
<status status="PASS" starttime="20230327 19:00:13.139" endtime="20230327 19:00:13.158"/>
</kw>
<kw name="Log To Console" library="BuiltIn">
<arg>${linkText}</arg>
<doc>Logs the given message to the console.</doc>
<status status="PASS" starttime="20230327 19:00:13.158" endtime="20230327 19:00:13.159"/>
</kw>
<status status="PASS" starttime="20230327 19:00:13.139" endtime="20230327 19:00:13.159"/>
</iter>
<iter>
<var name="${i}">11</var>
<kw name="Get Text" library="SeleniumLibrary">
<var>${linkText}</var>
<arg>xpath:(//a)[${i}]</arg>
<doc>Returns the text value of the element identified by ``locator``.</doc>
<msg timestamp="20230327 19:00:15.007" level="INFO">${linkText} = </msg>
<status status="PASS" starttime="20230327 19:00:13.159" endtime="20230327 19:00:15.007"/>
</kw>
<kw name="Log To Console" library="BuiltIn">
<arg>${linkText}</arg>
<doc>Logs the given message to the console.</doc>
<status status="PASS" starttime="20230327 19:00:15.008" endtime="20230327 19:00:15.008"/>
</kw>
<status status="PASS" starttime="20230327 19:00:13.159" endtime="20230327 19:00:15.008"/>
</iter>
<iter>
<var name="${i}">12</var>
<kw name="Get Text" library="SeleniumLibrary">
<var>${linkText}</var>
<arg>xpath:(//a)[${i}]</arg>
<doc>Returns the text value of the element identified by ``locator``.</doc>
<msg timestamp="20230327 19:00:15.028" level="INFO">${linkText} = </msg>
<status status="PASS" starttime="20230327 19:00:15.008" endtime="20230327 19:00:15.029"/>
</kw>
<kw name="Log To Console" library="BuiltIn">
<arg>${linkText}</arg>
<doc>Logs the given message to the console.</doc>
<status status="PASS" starttime="20230327 19:00:15.029" endtime="20230327 19:00:15.029"/>
</kw>
<status status="PASS" starttime="20230327 19:00:15.008" endtime="20230327 19:00:15.029"/>
</iter>
<iter>
<var name="${i}">13</var>
<kw name="Get Text" library="SeleniumLibrary">
<var>${linkText}</var>
<arg>xpath:(//a)[${i}]</arg>
<doc>Returns the text value of the element identified by ``locator``.</doc>
<msg timestamp="20230327 19:00:15.053" level="INFO">${linkText} = </msg>
<status status="PASS" starttime="20230327 19:00:15.030" endtime="20230327 19:00:15.053"/>
</kw>
<kw name="Log To Console" library="BuiltIn">
<arg>${linkText}</arg>
<doc>Logs the given message to the console.</doc>
<status status="PASS" starttime="20230327 19:00:15.054" endtime="20230327 19:00:15.054"/>
</kw>
<status status="PASS" starttime="20230327 19:00:15.030" endtime="20230327 19:00:15.054"/>
</iter>
<iter>
<var name="${i}">14</var>
<kw name="Get Text" library="SeleniumLibrary">
<var>${linkText}</var>
<arg>xpath:(//a)[${i}]</arg>
<doc>Returns the text value of the element identified by ``locator``.</doc>
<msg timestamp="20230327 19:00:15.083" level="INFO">${linkText} = </msg>
<status status="PASS" starttime="20230327 19:00:15.054" endtime="20230327 19:00:15.083"/>
</kw>
<kw name="Log To Console" library="BuiltIn">
<arg>${linkText}</arg>
<doc>Logs the given message to the console.</doc>
<status status="PASS" starttime="20230327 19:00:15.083" endtime="20230327 19:00:15.083"/>
</kw>
<status status="PASS" starttime="20230327 19:00:15.054" endtime="20230327 19:00:15.083"/>
</iter>
<iter>
<var name="${i}">15</var>
<kw name="Get Text" library="SeleniumLibrary">
<var>${linkText}</var>
<arg>xpath:(//a)[${i}]</arg>
<doc>Returns the text value of the element identified by ``locator``.</doc>
<msg timestamp="20230327 19:00:15.110" level="INFO">${linkText} = </msg>
<status status="PASS" starttime="20230327 19:00:15.083" endtime="20230327 19:00:15.110"/>
</kw>
<kw name="Log To Console" library="BuiltIn">
<arg>${linkText}</arg>
<doc>Logs the given message to the console.</doc>
<status status="PASS" starttime="20230327 19:00:15.111" endtime="20230327 19:00:15.111"/>
</kw>
<status status="PASS" starttime="20230327 19:00:15.083" endtime="20230327 19:00:15.111"/>
</iter>
<iter>
<var name="${i}">16</var>
<kw name="Get Text" library="SeleniumLibrary">
<var>${linkText}</var>
<arg>xpath:(//a)[${i}]</arg>
<doc>Returns the text value of the element identified by ``locator``.</doc>
<msg timestamp="20230327 19:00:15.138" level="INFO">${linkText} = </msg>
<status status="PASS" starttime="20230327 19:00:15.111" endtime="20230327 19:00:15.138"/>
</kw>
<kw name="Log To Console" library="BuiltIn">
<arg>${linkText}</arg>
<doc>Logs the given message to the console.</doc>
<status status="PASS" starttime="20230327 19:00:15.138" endtime="20230327 19:00:15.138"/>
</kw>
<status status="PASS" starttime="20230327 19:00:15.111" endtime="20230327 19:00:15.138"/>
</iter>
<iter>
<var name="${i}">17</var>
<kw name="Get Text" library="SeleniumLibrary">
<var>${linkText}</var>
<arg>xpath:(//a)[${i}]</arg>
<doc>Returns the text value of the element identified by ``locator``.</doc>
<msg timestamp="20230327 19:00:15.157" level="INFO">${linkText} = </msg>
<status status="PASS" starttime="20230327 19:00:15.138" endtime="20230327 19:00:15.157"/>
</kw>
<kw name="Log To Console" library="BuiltIn">
<arg>${linkText}</arg>
<doc>Logs the given message to the console.</doc>
<status status="PASS" starttime="20230327 19:00:15.157" endtime="20230327 19:00:15.157"/>
</kw>
<status status="PASS" starttime="20230327 19:00:15.138" endtime="20230327 19:00:15.157"/>
</iter>
<iter>
<var name="${i}">18</var>
<kw name="Get Text" library="SeleniumLibrary">
<var>${linkText}</var>
<arg>xpath:(//a)[${i}]</arg>
<doc>Returns the text value of the element identified by ``locator``.</doc>
<msg timestamp="20230327 19:00:15.178" level="INFO">${linkText} = </msg>
<status status="PASS" starttime="20230327 19:00:15.158" endtime="20230327 19:00:15.178"/>
</kw>
<kw name="Log To Console" library="BuiltIn">
<arg>${linkText}</arg>
<doc>Logs the given message to the console.</doc>
<status status="PASS" starttime="20230327 19:00:15.178" endtime="20230327 19:00:15.178"/>
</kw>
<status status="PASS" starttime="20230327 19:00:15.158" endtime="20230327 19:00:15.179"/>
</iter>
<iter>
<var name="${i}">19</var>
<kw name="Get Text" library="SeleniumLibrary">
<var>${linkText}</var>
<arg>xpath:(//a)[${i}]</arg>
<doc>Returns the text value of the element identified by ``locator``.</doc>
<msg timestamp="20230327 19:00:15.198" level="INFO">${linkText} = </msg>
<status status="PASS" starttime="20230327 19:00:15.179" endtime="20230327 19:00:15.198"/>
</kw>
<kw name="Log To Console" library="BuiltIn">
<arg>${linkText}</arg>
<doc>Logs the given message to the console.</doc>
<status status="PASS" starttime="20230327 19:00:15.198" endtime="20230327 19:00:15.198"/>
</kw>
<status status="PASS" starttime="20230327 19:00:15.179" endtime="20230327 19:00:15.198"/>
</iter>
<iter>
<var name="${i}">20</var>
<kw name="Get Text" library="SeleniumLibrary">
<var>${linkText}</var>
<arg>xpath:(//a)[${i}]</arg>
<doc>Returns the text value of the element identified by ``locator``.</doc>
<msg timestamp="20230327 19:00:15.221" level="INFO">${linkText} = </msg>
<status status="PASS" starttime="20230327 19:00:15.199" endtime="20230327 19:00:15.221"/>
</kw>
<kw name="Log To Console" library="BuiltIn">
<arg>${linkText}</arg>
<doc>Logs the given message to the console.</doc>
<status status="PASS" starttime="20230327 19:00:15.221" endtime="20230327 19:00:15.221"/>
</kw>
<status status="PASS" starttime="20230327 19:00:15.198" endtime="20230327 19:00:15.221"/>
</iter>
<iter>
<var name="${i}">21</var>
<kw name="Get Text" library="SeleniumLibrary">
<var>${linkText}</var>
<arg>xpath:(//a)[${i}]</arg>
<doc>Returns the text value of the element identified by ``locator``.</doc>
<msg timestamp="20230327 19:00:15.243" level="INFO">${linkText} = </msg>
<status status="PASS" starttime="20230327 19:00:15.221" endtime="20230327 19:00:15.243"/>
</kw>
<kw name="Log To Console" library="BuiltIn">
<arg>${linkText}</arg>
<doc>Logs the given message to the console.</doc>
<status status="PASS" starttime="20230327 19:00:15.243" endtime="20230327 19:00:15.243"/>
</kw>
<status status="PASS" starttime="20230327 19:00:15.221" endtime="20230327 19:00:15.243"/>
</iter>
<iter>
<var name="${i}">22</var>
<kw name="Get Text" library="SeleniumLibrary">
<var>${linkText}</var>
<arg>xpath:(//a)[${i}]</arg>
<doc>Returns the text value of the element identified by ``locator``.</doc>
<msg timestamp="20230327 19:00:15.262" level="INFO">${linkText} = </msg>
<status status="PASS" starttime="20230327 19:00:15.243" endtime="20230327 19:00:15.262"/>
</kw>
<kw name="Log To Console" library="BuiltIn">
<arg>${linkText}</arg>
<doc>Logs the given message to the console.</doc>
<status status="PASS" starttime="20230327 19:00:15.262" endtime="20230327 19:00:15.262"/>
</kw>
<status status="PASS" starttime="20230327 19:00:15.243" endtime="20230327 19:00:15.262"/>
</iter>
<iter>
<var name="${i}">23</var>
<kw name="Get Text" library="SeleniumLibrary">
<var>${linkText}</var>
<arg>xpath:(//a)[${i}]</arg>
<doc>Returns the text value of the element identified by ``locator``.</doc>
<msg timestamp="20230327 19:00:15.280" level="INFO">${linkText} = </msg>
<status status="PASS" starttime="20230327 19:00:15.263" endtime="20230327 19:00:15.280"/>
</kw>
<kw name="Log To Console" library="BuiltIn">
<arg>${linkText}</arg>
<doc>Logs the given message to the console.</doc>
<status status="PASS" starttime="20230327 19:00:15.280" endtime="20230327 19:00:15.280"/>
</kw>
<status status="PASS" starttime="20230327 19:00:15.262" endtime="20230327 19:00:15.280"/>
</iter>
<iter>
<var name="${i}">24</var>
<kw name="Get Text" library="SeleniumLibrary">
<var>${linkText}</var>
<arg>xpath:(//a)[${i}]</arg>
<doc>Returns the text value of the element identified by ``locator``.</doc>
<msg timestamp="20230327 19:00:15.299" level="INFO">${linkText} = </msg>
<status status="PASS" starttime="20230327 19:00:15.280" endtime="20230327 19:00:15.299"/>
</kw>
<kw name="Log To Console" library="BuiltIn">
<arg>${linkText}</arg>
<doc>Logs the given message to the console.</doc>
<status status="PASS" starttime="20230327 19:00:15.299" endtime="20230327 19:00:15.299"/>
</kw>
<status status="PASS" starttime="20230327 19:00:15.280" endtime="20230327 19:00:15.299"/>
</iter>
<iter>
<var name="${i}">25</var>
<kw name="Get Text" library="SeleniumLibrary">
<var>${linkText}</var>
<arg>xpath:(//a)[${i}]</arg>
<doc>Returns the text value of the element identified by ``locator``.</doc>
<msg timestamp="20230327 19:00:15.317" level="INFO">${linkText} = </msg>
<status status="PASS" starttime="20230327 19:00:15.299" endtime="20230327 19:00:15.317"/>
</kw>
<kw name="Log To Console" library="BuiltIn">
<arg>${linkText}</arg>
<doc>Logs the given message to the console.</doc>
<status status="PASS" starttime="20230327 19:00:15.317" endtime="20230327 19:00:15.317"/>
</kw>
<status status="PASS" starttime="20230327 19:00:15.299" endtime="20230327 19:00:15.317"/>
</iter>
<iter>
<var name="${i}">26</var>
<kw name="Get Text" library="SeleniumLibrary">
<var>${linkText}</var>
<arg>xpath:(//a)[${i}]</arg>
<doc>Returns the text value of the element identified by ``locator``.</doc>
<msg timestamp="20230327 19:00:15.336" level="INFO">${linkText} = </msg>
<status status="PASS" starttime="20230327 19:00:15.318" endtime="20230327 19:00:15.336"/>
</kw>
<kw name="Log To Console" library="BuiltIn">
<arg>${linkText}</arg>
<doc>Logs the given message to the console.</doc>
<status status="PASS" starttime="20230327 19:00:15.337" endtime="20230327 19:00:15.337"/>
</kw>
<status status="PASS" starttime="20230327 19:00:15.318" endtime="20230327 19:00:15.337"/>
</iter>
<iter>
<var name="${i}">27</var>
<kw name="Get Text" library="SeleniumLibrary">
<var>${linkText}</var>
<arg>xpath:(//a)[${i}]</arg>
<doc>Returns the text value of the element identified by ``locator``.</doc>
<msg timestamp="20230327 19:00:15.354" level="INFO">${linkText} = </msg>
<status status="PASS" starttime="20230327 19:00:15.337" endtime="20230327 19:00:15.354"/>
</kw>
<kw name="Log To Console" library="BuiltIn">
<arg>${linkText}</arg>
<doc>Logs the given message to the console.</doc>
<status status="PASS" starttime="20230327 19:00:15.354" endtime="20230327 19:00:15.354"/>
</kw>
<status status="PASS" starttime="20230327 19:00:15.337" endtime="20230327 19:00:15.354"/>
</iter>
<iter>
<var name="${i}">28</var>
<kw name="Get Text" library="SeleniumLibrary">
<var>${linkText}</var>
<arg>xpath:(//a)[${i}]</arg>
<doc>Returns the text value of the element identified by ``locator``.</doc>
<msg timestamp="20230327 19:00:15.375" level="INFO">${linkText} = </msg>
<status status="PASS" starttime="20230327 19:00:15.356" endtime="20230327 19:00:15.375"/>
</kw>
<kw name="Log To Console" library="BuiltIn">
<arg>${linkText}</arg>
<doc>Logs the given message to the console.</doc>
<status status="PASS" starttime="20230327 19:00:15.375" endtime="20230327 19:00:15.375"/>
</kw>
<status status="PASS" starttime="20230327 19:00:15.356" endtime="20230327 19:00:15.375"/>
</iter>
<iter>
<var name="${i}">29</var>
<kw name="Get Text" library="SeleniumLibrary">
<var>${linkText}</var>
<arg>xpath:(//a)[${i}]</arg>
<doc>Returns the text value of the element identified by ``locator``.</doc>
<msg timestamp="20230327 19:00:15.395" level="INFO">${linkText} = </msg>
<status status="PASS" starttime="20230327 19:00:15.376" endtime="20230327 19:00:15.395"/>
</kw>
<kw name="Log To Console" library="BuiltIn">
<arg>${linkText}</arg>
<doc>Logs the given message to the console.</doc>
<status status="PASS" starttime="20230327 19:00:15.395" endtime="20230327 19:00:15.395"/>
</kw>
<status status="PASS" starttime="20230327 19:00:15.376" endtime="20230327 19:00:15.395"/>
</iter>
<iter>
<var name="${i}">30</var>
<kw name="Get Text" library="SeleniumLibrary">
<var>${linkText}</var>
<arg>xpath:(//a)[${i}]</arg>
<doc>Returns the text value of the element identified by ``locator``.</doc>
<msg timestamp="20230327 19:00:15.415" level="INFO">${linkText} = </msg>
<status status="PASS" starttime="20230327 19:00:15.396" endtime="20230327 19:00:15.415"/>
</kw>
<kw name="Log To Console" library="BuiltIn">
<arg>${linkText}</arg>
<doc>Logs the given message to the console.</doc>
<status status="PASS" starttime="20230327 19:00:15.415" endtime="20230327 19:00:15.415"/>
</kw>
<status status="PASS" starttime="20230327 19:00:15.395" endtime="20230327 19:00:15.415"/>
</iter>
<iter>
<var name="${i}">31</var>
<kw name="Get Text" library="SeleniumLibrary">
<var>${linkText}</var>
<arg>xpath:(//a)[${i}]</arg>
<doc>Returns the text value of the element identified by ``locator``.</doc>
<msg timestamp="20230327 19:00:15.434" level="INFO">${linkText} = </msg>
<status status="PASS" starttime="20230327 19:00:15.415" endtime="20230327 19:00:15.434"/>
</kw>
<kw name="Log To Console" library="BuiltIn">
<arg>${linkText}</arg>
<doc>Logs the given message to the console.</doc>
<status status="PASS" starttime="20230327 19:00:15.434" endtime="20230327 19:00:15.435"/>
</kw>
<status status="PASS" starttime="20230327 19:00:15.415" endtime="20230327 19:00:15.435"/>
</iter>
<iter>
<var name="${i}">32</var>
<kw name="Get Text" library="SeleniumLibrary">
<var>${linkText}</var>
<arg>xpath:(//a)[${i}]</arg>
<doc>Returns the text value of the element identified by ``locator``.</doc>
<msg timestamp="20230327 19:00:15.457" level="INFO">${linkText} = </msg>
<status status="PASS" starttime="20230327 19:00:15.435" endtime="20230327 19:00:15.457"/>
</kw>
<kw name="Log To Console" library="BuiltIn">
<arg>${linkText}</arg>
<doc>Logs the given message to the console.</doc>
<status status="PASS" starttime="20230327 19:00:15.457" endtime="20230327 19:00:15.457"/>
</kw>
<status status="PASS" starttime="20230327 19:00:15.435" endtime="20230327 19:00:15.457"/>
</iter>
<iter>
<var name="${i}">33</var>
<kw name="Get Text" library="SeleniumLibrary">
<var>${linkText}</var>
<arg>xpath:(//a)[${i}]</arg>
<doc>Returns the text value of the element identified by ``locator``.</doc>
<msg timestamp="20230327 19:00:15.477" level="INFO">${linkText} = Vos besoins</msg>
<status status="PASS" starttime="20230327 19:00:15.457" endtime="20230327 19:00:15.477"/>
</kw>
<kw name="Log To Console" library="BuiltIn">
<arg>${linkText}</arg>
<doc>Logs the given message to the console.</doc>
<status status="PASS" starttime="20230327 19:00:15.477" endtime="20230327 19:00:15.477"/>
</kw>
<status status="PASS" starttime="20230327 19:00:15.457" endtime="20230327 19:00:15.477"/>
</iter>
<iter>
<var name="${i}">34</var>
<kw name="Get Text" library="SeleniumLibrary">
<var>${linkText}</var>
<arg>xpath:(//a)[${i}]</arg>
<doc>Returns the text value of the element identified by ``locator``.</doc>
<msg timestamp="20230327 19:00:15.495" level="INFO">${linkText} = </msg>
<status status="PASS" starttime="20230327 19:00:15.477" endtime="20230327 19:00:15.495"/>
</kw>
<kw name="Log To Console" library="BuiltIn">
<arg>${linkText}</arg>
<doc>Logs the given message to the console.</doc>
<status status="PASS" starttime="20230327 19:00:15.495" endtime="20230327 19:00:15.495"/>
</kw>
<status status="PASS" starttime="20230327 19:00:15.477" endtime="20230327 19:00:15.496"/>
</iter>
<iter>
<var name="${i}">35</var>
<kw name="Get Text" library="SeleniumLibrary">
<var>${linkText}</var>
<arg>xpath:(//a)[${i}]</arg>
<doc>Returns the text value of the element identified by ``locator``.</doc>
<msg timestamp="20230327 19:00:15.514" level="INFO">${linkText} = </msg>
<status status="PASS" starttime="20230327 19:00:15.496" endtime="20230327 19:00:15.514"/>
</kw>
<kw name="Log To Console" library="BuiltIn">
<arg>${linkText}</arg>
<doc>Logs the given message to the console.</doc>
<status status="PASS" starttime="20230327 19:00:15.514" endtime="20230327 19:00:15.514"/>
</kw>
<status status="PASS" starttime="20230327 19:00:15.496" endtime="20230327 19:00:15.514"/>
</iter>
<iter>
<var name="${i}">36</var>
<kw name="Get Text" library="SeleniumLibrary">
<var>${linkText}</var>
<arg>xpath:(//a)[${i}]</arg>
<doc>Returns the text value of the element identified by ``locator``.</doc>
<msg timestamp="20230327 19:00:15.535" level="INFO">${linkText} = </msg>
<status status="PASS" starttime="20230327 19:00:15.514" endtime="20230327 19:00:15.535"/>
</kw>
<kw name="Log To Console" library="BuiltIn">
<arg>${linkText}</arg>
<doc>Logs the given message to the console.</doc>
<status status="PASS" starttime="20230327 19:00:15.535" endtime="20230327 19:00:15.535"/>
</kw>
<status status="PASS" starttime="20230327 19:00:15.514" endtime="20230327 19:00:15.535"/>
</iter>
<iter>
<var name="${i}">37</var>
<kw name="Get Text" library="SeleniumLibrary">
<var>${linkText}</var>
<arg>xpath:(//a)[${i}]</arg>
<doc>Returns the text value of the element identified by ``locator``.</doc>
<msg timestamp="20230327 19:00:15.554" level="INFO">${linkText} = </msg>
<status status="PASS" starttime="20230327 19:00:15.535" endtime="20230327 19:00:15.554"/>
</kw>
<kw name="Log To Console" library="BuiltIn">
<arg>${linkText}</arg>
<doc>Logs the given message to the console.</doc>
<status status="PASS" starttime="20230327 19:00:15.554" endtime="20230327 19:00:15.554"/>
</kw>
<status status="PASS" starttime="20230327 19:00:15.535" endtime="20230327 19:00:15.554"/>
</iter>
<iter>
<var name="${i}">38</var>
<kw name="Get Text" library="SeleniumLibrary">
<var>${linkText}</var>
<arg>xpath:(//a)[${i}]</arg>
<doc>Returns the text value of the element identified by ``locator``.</doc>
<msg timestamp="20230327 19:00:15.575" level="INFO">${linkText} = </msg>
<status status="PASS" starttime="20230327 19:00:15.554" endtime="20230327 19:00:15.575"/>
</kw>
<kw name="Log To Console" library="BuiltIn">
<arg>${linkText}</arg>
<doc>Logs the given message to the console.</doc>
<status status="PASS" starttime="20230327 19:00:15.575" endtime="20230327 19:00:15.575"/>
</kw>
<status status="PASS" starttime="20230327 19:00:15.554" endtime="20230327 19:00:15.575"/>
</iter>
<iter>
<var name="${i}">39</var>
<kw name="Get Text" library="SeleniumLibrary">
<var>${linkText}</var>
<arg>xpath:(//a)[${i}]</arg>
<doc>Returns the text value of the element identified by ``locator``.</doc>
<msg timestamp="20230327 19:00:15.597" level="INFO">${linkText} = </msg>
<status status="PASS" starttime="20230327 19:00:15.576" endtime="20230327 19:00:15.597"/>
</kw>
<kw name="Log To Console" library="BuiltIn">
<arg>${linkText}</arg>
<doc>Logs the given message to the console.</doc>
<status status="PASS" starttime="20230327 19:00:15.597" endtime="20230327 19:00:15.598"/>
</kw>
<status status="PASS" starttime="20230327 19:00:15.576" endtime="20230327 19:00:15.612"/>
</iter>
<iter>
<var name="${i}">40</var>
<kw name="Get Text" library="SeleniumLibrary">
<var>${linkText}</var>
<arg>xpath:(//a)[${i}]</arg>
<doc>Returns the text value of the element identified by ``locator``.</doc>
<msg timestamp="20230327 19:00:15.635" level="INFO">${linkText} = </msg>
<status status="PASS" starttime="20230327 19:00:15.612" endtime="20230327 19:00:15.635"/>
</kw>
<kw name="Log To Console" library="BuiltIn">
<arg>${linkText}</arg>
<doc>Logs the given message to the console.</doc>
<status status="PASS" starttime="20230327 19:00:15.635" endtime="20230327 19:00:15.635"/>
</kw>
<status status="PASS" starttime="20230327 19:00:15.612" endtime="20230327 19:00:15.635"/>
</iter>
<iter>
<var name="${i}">41</var>
<kw name="Get Text" library="SeleniumLibrary">
<var>${linkText}</var>
<arg>xpath:(//a)[${i}]</arg>
<doc>Returns the text value of the element identified by ``locator``.</doc>
<msg timestamp="20230327 19:00:15.654" level="INFO">${linkText} = </msg>
<status status="PASS" starttime="20230327 19:00:15.636" endtime="20230327 19:00:15.654"/>
</kw>
<kw name="Log To Console" library="BuiltIn">
<arg>${linkText}</arg>
<doc>Logs the given message to the console.</doc>
<status status="PASS" starttime="20230327 19:00:15.654" endtime="20230327 19:00:15.655"/>
</kw>
<status status="PASS" starttime="20230327 19:00:15.636" endtime="20230327 19:00:15.655"/>
</iter>
<iter>
<var name="${i}">42</var>
<kw name="Get Text" library="SeleniumLibrary">
<var>${linkText}</var>
<arg>xpath:(//a)[${i}]</arg>
<doc>Returns the text value of the element identified by ``locator``.</doc>
<msg timestamp="20230327 19:00:15.675" level="INFO">${linkText} = Outils</msg>
<status status="PASS" starttime="20230327 19:00:15.655" endtime="20230327 19:00:15.675"/>
</kw>
<kw name="Log To Console" library="BuiltIn">
<arg>${linkText}</arg>
<doc>Logs the given message to the console.</doc>
<status status="PASS" starttime="20230327 19:00:15.675" endtime="20230327 19:00:15.676"/>
</kw>
<status status="PASS" starttime="20230327 19:00:15.655" endtime="20230327 19:00:15.676"/>
</iter>
<iter>
<var name="${i}">43</var>
<kw name="Get Text" library="SeleniumLibrary">
<var>${linkText}</var>
<arg>xpath:(//a)[${i}]</arg>
<doc>Returns the text value of the element identified by ``locator``.</doc>
<msg timestamp="20230327 19:00:15.696" level="INFO">${linkText} = </msg>
<status status="PASS" starttime="20230327 19:00:15.676" endtime="20230327 19:00:15.696"/>
</kw>
<kw name="Log To Console" library="BuiltIn">
<arg>${linkText}</arg>
<doc>Logs the given message to the console.</doc>
<status status="PASS" starttime="20230327 19:00:15.696" endtime="20230327 19:00:15.697"/>
</kw>
<status status="PASS" starttime="20230327 19:00:15.676" endtime="20230327 19:00:15.697"/>
</iter>
<iter>
<var name="${i}">44</var>
<kw name="Get Text" library="SeleniumLibrary">
<var>${linkText}</var>
<arg>xpath:(//a)[${i}]</arg>
<doc>Returns the text value of the element identified by ``locator``.</doc>
<msg timestamp="20230327 19:00:15.715" level="INFO">${linkText} = </msg>
<status status="PASS" starttime="20230327 19:00:15.697" endtime="20230327 19:00:15.715"/>
</kw>
<kw name="Log To Console" library="BuiltIn">
<arg>${linkText}</arg>
<doc>Logs the given message to the console.</doc>
<status status="PASS" starttime="20230327 19:00:15.715" endtime="20230327 19:00:15.715"/>
</kw>
<status status="PASS" starttime="20230327 19:00:15.697" endtime="20230327 19:00:15.715"/>
</iter>
<iter>
<var name="${i}">45</var>
<kw name="Get Text" library="SeleniumLibrary">
<var>${linkText}</var>
<arg>xpath:(//a)[${i}]</arg>
<doc>Returns the text value of the element identified by ``locator``.</doc>
<msg timestamp="20230327 19:00:15.734" level="INFO">${linkText} = </msg>
<status status="PASS" starttime="20230327 19:00:15.716" endtime="20230327 19:00:15.734"/>
</kw>
<kw name="Log To Console" library="BuiltIn">
<arg>${linkText}</arg>
<doc>Logs the given message to the console.</doc>
<status status="PASS" starttime="20230327 19:00:15.735" endtime="20230327 19:00:15.735"/>
</kw>
<status status="PASS" starttime="20230327 19:00:15.715" endtime="20230327 19:00:15.735"/>
</iter>
<iter>
<var name="${i}">46</var>
<kw name="Get Text" library="SeleniumLibrary">
<var>${linkText}</var>
<arg>xpath:(//a)[${i}]</arg>
<doc>Returns the text value of the element identified by ``locator``.</doc>
<msg timestamp="20230327 19:00:15.755" level="INFO">${linkText} = </msg>
<status status="PASS" starttime="20230327 19:00:15.736" endtime="20230327 19:00:15.755"/>
</kw>
<kw name="Log To Console" library="BuiltIn">
<arg>${linkText}</arg>
<doc>Logs the given message to the console.</doc>
<status status="PASS" starttime="20230327 19:00:15.755" endtime="20230327 19:00:15.756"/>
</kw>
<status status="PASS" starttime="20230327 19:00:15.735" endtime="20230327 19:00:15.757"/>
</iter>
<iter>
<var name="${i}">47</var>
<kw name="Get Text" library="SeleniumLibrary">
<var>${linkText}</var>
<arg>xpath:(//a)[${i}]</arg>
<doc>Returns the text value of the element identified by ``locator``.</doc>
<msg timestamp="20230327 19:00:15.801" level="INFO">${linkText} = Formations</msg>
<status status="PASS" starttime="20230327 19:00:15.757" endtime="20230327 19:00:15.801"/>
</kw>
<kw name="Log To Console" library="BuiltIn">
<arg>${linkText}</arg>
<doc>Logs the given message to the console.</doc>
<status status="PASS" starttime="20230327 19:00:15.801" endtime="20230327 19:00:15.801"/>
</kw>
<status status="PASS" starttime="20230327 19:00:15.757" endtime="20230327 19:00:15.801"/>
</iter>
<iter>
<var name="${i}">48</var>
<kw name="Get Text" library="SeleniumLibrary">
<var>${linkText}</var>
<arg>xpath:(//a)[${i}]</arg>
<doc>Returns the text value of the element identified by ``locator``.</doc>
<msg timestamp="20230327 19:00:15.822" level="INFO">${linkText} = </msg>
<status status="PASS" starttime="20230327 19:00:15.801" endtime="20230327 19:00:15.822"/>
</kw>
<kw name="Log To Console" library="BuiltIn">
<arg>${linkText}</arg>
<doc>Logs the given message to the console.</doc>
<status status="PASS" starttime="20230327 19:00:15.822" endtime="20230327 19:00:15.823"/>
</kw>
<status status="PASS" starttime="20230327 19:00:15.801" endtime="20230327 19:00:15.823"/>
</iter>
<iter>
<var name="${i}">49</var>
<kw name="Get Text" library="SeleniumLibrary">
<var>${linkText}</var>
<arg>xpath:(//a)[${i}]</arg>
<doc>Returns the text value of the element identified by ``locator``.</doc>
<msg timestamp="20230327 19:00:15.844" level="INFO">${linkText} = </msg>
<status status="PASS" starttime="20230327 19:00:15.823" endtime="20230327 19:00:15.844"/>
</kw>
<kw name="Log To Console" library="BuiltIn">
<arg>${linkText}</arg>
<doc>Logs the given message to the console.</doc>
<status status="PASS" starttime="20230327 19:00:15.844" endtime="20230327 19:00:15.845"/>
</kw>
<status status="PASS" starttime="20230327 19:00:15.823" endtime="20230327 19:00:15.845"/>
</iter>
<iter>
<var name="${i}">50</var>
<kw name="Get Text" library="SeleniumLibrary">
<var>${linkText}</var>
<arg>xpath:(//a)[${i}]</arg>
<doc>Returns the text value of the element identified by ``locator``.</doc>
<msg timestamp="20230327 19:00:15.865" level="INFO">${linkText} = </msg>
<status status="PASS" starttime="20230327 19:00:15.845" endtime="20230327 19:00:15.865"/>
</kw>
<kw name="Log To Console" library="BuiltIn">
<arg>${linkText}</arg>
<doc>Logs the given message to the console.</doc>
<status status="PASS" starttime="20230327 19:00:15.865" endtime="20230327 19:00:15.865"/>
</kw>
<status status="PASS" starttime="20230327 19:00:15.845" endtime="20230327 19:00:15.865"/>
</iter>
<iter>
<var name="${i}">51</var>
<kw name="Get Text" library="SeleniumLibrary">
<var>${linkText}</var>
<arg>xpath:(//a)[${i}]</arg>
<doc>Returns the text value of the element identified by ``locator``.</doc>
<msg timestamp="20230327 19:00:15.884" level="INFO">${linkText} = </msg>
<status status="PASS" starttime="20230327 19:00:15.865" endtime="20230327 19:00:15.884"/>
</kw>
<kw name="Log To Console" library="BuiltIn">
<arg>${linkText}</arg>
<doc>Logs the given message to the console.</doc>
<status status="PASS" starttime="20230327 19:00:15.884" endtime="20230327 19:00:15.888"/>
</kw>
<status status="PASS" starttime="20230327 19:00:15.865" endtime="20230327 19:00:15.888"/>
</iter>
<iter>
<var name="${i}">52</var>
<kw name="Get Text" library="SeleniumLibrary">
<var>${linkText}</var>
<arg>xpath:(//a)[${i}]</arg>
<doc>Returns the text value of the element identified by ``locator``.</doc>
<msg timestamp="20230327 19:00:15.908" level="INFO">${linkText} = </msg>
<status status="PASS" starttime="20230327 19:00:15.888" endtime="20230327 19:00:15.908"/>
</kw>
<kw name="Log To Console" library="BuiltIn">
<arg>${linkText}</arg>
<doc>Logs the given message to the console.</doc>
<status status="PASS" starttime="20230327 19:00:15.908" endtime="20230327 19:00:15.909"/>
</kw>
<status status="PASS" starttime="20230327 19:00:15.888" endtime="20230327 19:00:15.909"/>
</iter>
<iter>
<var name="${i}">53</var>
<kw name="Get Text" library="SeleniumLibrary">
<var>${linkText}</var>
<arg>xpath:(//a)[${i}]</arg>
<doc>Returns the text value of the element identified by ``locator``.</doc>
<msg timestamp="20230327 19:00:15.927" level="INFO">${linkText} = </msg>
<status status="PASS" starttime="20230327 19:00:15.909" endtime="20230327 19:00:15.927"/>
</kw>
<kw name="Log To Console" library="BuiltIn">
<arg>${linkText}</arg>
<doc>Logs the given message to the console.</doc>
<status status="PASS" starttime="20230327 19:00:15.927" endtime="20230327 19:00:15.928"/>
</kw>
<status status="PASS" starttime="20230327 19:00:15.909" endtime="20230327 19:00:15.928"/>
</iter>
<iter>
<var name="${i}">54</var>
<kw name="Get Text" library="SeleniumLibrary">
<var>${linkText}</var>
<arg>xpath:(//a)[${i}]</arg>
<doc>Returns the text value of the element identified by ``locator``.</doc>
<msg timestamp="20230327 19:00:15.945" level="INFO">${linkText} = </msg>
<status status="PASS" starttime="20230327 19:00:15.928" endtime="20230327 19:00:15.945"/>
</kw>
<kw name="Log To Console" library="BuiltIn">
<arg>${linkText}</arg>
<doc>Logs the given message to the console.</doc>
<status status="PASS" starttime="20230327 19:00:15.945" endtime="20230327 19:00:15.945"/>
</kw>
<status status="PASS" starttime="20230327 19:00:15.928" endtime="20230327 19:00:15.945"/>
</iter>
<iter>
<var name="${i}">55</var>
<kw name="Get Text" library="SeleniumLibrary">
<var>${linkText}</var>
<arg>xpath:(//a)[${i}]</arg>
<doc>Returns the text value of the element identified by ``locator``.</doc>
<msg timestamp="20230327 19:00:15.962" level="INFO">${linkText} = </msg>
<status status="PASS" starttime="20230327 19:00:15.945" endtime="20230327 19:00:15.962"/>
</kw>
<kw name="Log To Console" library="BuiltIn">
<arg>${linkText}</arg>
<doc>Logs the given message to the console.</doc>
<status status="PASS" starttime="20230327 19:00:15.963" endtime="20230327 19:00:15.963"/>
</kw>
<status status="PASS" starttime="20230327 19:00:15.945" endtime="20230327 19:00:15.963"/>
</iter>
<iter>
<var name="${i}">56</var>
<kw name="Get Text" library="SeleniumLibrary">
<var>${linkText}</var>
<arg>xpath:(//a)[${i}]</arg>
<doc>Returns the text value of the element identified by ``locator``.</doc>
<msg timestamp="20230327 19:00:15.983" level="INFO">${linkText} = </msg>
<status status="PASS" starttime="20230327 19:00:15.963" endtime="20230327 19:00:15.983"/>
</kw>
<kw name="Log To Console" library="BuiltIn">
<arg>${linkText}</arg>
<doc>Logs the given message to the console.</doc>
<status status="PASS" starttime="20230327 19:00:15.983" endtime="20230327 19:00:15.983"/>
</kw>
<status status="PASS" starttime="20230327 19:00:15.963" endtime="20230327 19:00:15.983"/>
</iter>
<iter>
<var name="${i}">57</var>
<kw name="Get Text" library="SeleniumLibrary">
<var>${linkText}</var>
<arg>xpath:(//a)[${i}]</arg>
<doc>Returns the text value of the element identified by ``locator``.</doc>
<msg timestamp="20230327 19:00:16.003" level="INFO">${linkText} = </msg>
<status status="PASS" starttime="20230327 19:00:15.983" endtime="20230327 19:00:16.003"/>
</kw>
<kw name="Log To Console" library="BuiltIn">
<arg>${linkText}</arg>
<doc>Logs the given message to the console.</doc>
<status status="PASS" starttime="20230327 19:00:16.003" endtime="20230327 19:00:16.003"/>
</kw>
<status status="PASS" starttime="20230327 19:00:15.983" endtime="20230327 19:00:16.003"/>
</iter>
<iter>
<var name="${i}">58</var>
<kw name="Get Text" library="SeleniumLibrary">
<var>${linkText}</var>
<arg>xpath:(//a)[${i}]</arg>
<doc>Returns the text value of the element identified by ``locator``.</doc>
<msg timestamp="20230327 19:00:16.021" level="INFO">${linkText} = </msg>
<status status="PASS" starttime="20230327 19:00:16.004" endtime="20230327 19:00:16.021"/>
</kw>
<kw name="Log To Console" library="BuiltIn">
<arg>${linkText}</arg>
<doc>Logs the given message to the console.</doc>
<status status="PASS" starttime="20230327 19:00:16.021" endtime="20230327 19:00:16.021"/>
</kw>
<status status="PASS" starttime="20230327 19:00:16.003" endtime="20230327 19:00:16.021"/>
</iter>
<iter>
<var name="${i}">59</var>
<kw name="Get Text" library="SeleniumLibrary">
<var>${linkText}</var>
<arg>xpath:(//a)[${i}]</arg>
<doc>Returns the text value of the element identified by ``locator``.</doc>
<msg timestamp="20230327 19:00:16.039" level="INFO">${linkText} = </msg>
<status status="PASS" starttime="20230327 19:00:16.022" endtime="20230327 19:00:16.039"/>
</kw>
<kw name="Log To Console" library="BuiltIn">
<arg>${linkText}</arg>
<doc>Logs the given message to the console.</doc>
<status status="PASS" starttime="20230327 19:00:16.039" endtime="20230327 19:00:16.040"/>
</kw>
<status status="PASS" starttime="20230327 19:00:16.021" endtime="20230327 19:00:16.040"/>
</iter>
<iter>
<var name="${i}">60</var>
<kw name="Get Text" library="SeleniumLibrary">
<var>${linkText}</var>
<arg>xpath:(//a)[${i}]</arg>
<doc>Returns the text value of the element identified by ``locator``.</doc>
<msg timestamp="20230327 19:00:16.057" level="INFO">${linkText} = </msg>
<status status="PASS" starttime="20230327 19:00:16.040" endtime="20230327 19:00:16.057"/>
</kw>
<kw name="Log To Console" library="BuiltIn">
<arg>${linkText}</arg>
<doc>Logs the given message to the console.</doc>
<status status="PASS" starttime="20230327 19:00:16.057" endtime="20230327 19:00:16.057"/>
</kw>
<status status="PASS" starttime="20230327 19:00:16.040" endtime="20230327 19:00:16.057"/>
</iter>
<iter>
<var name="${i}">61</var>
<kw name="Get Text" library="SeleniumLibrary">
<var>${linkText}</var>
<arg>xpath:(//a)[${i}]</arg>
<doc>Returns the text value of the element identified by ``locator``.</doc>
<msg timestamp="20230327 19:00:16.077" level="INFO">${linkText} = Cours Gratuits</msg>
<status status="PASS" starttime="20230327 19:00:16.057" endtime="20230327 19:00:16.077"/>
</kw>
<kw name="Log To Console" library="BuiltIn">
<arg>${linkText}</arg>
<doc>Logs the given message to the console.</doc>
<status status="PASS" starttime="20230327 19:00:16.077" endtime="20230327 19:00:16.077"/>
</kw>
<status status="PASS" starttime="20230327 19:00:16.057" endtime="20230327 19:00:16.077"/>
</iter>
<iter>
<var name="${i}">62</var>
<kw name="Get Text" library="SeleniumLibrary">
<var>${linkText}</var>
<arg>xpath:(//a)[${i}]</arg>
<doc>Returns the text value of the element identified by ``locator``.</doc>
<msg timestamp="20230327 19:00:16.098" level="INFO">${linkText} = Contact</msg>
<status status="PASS" starttime="20230327 19:00:16.078" endtime="20230327 19:00:16.098"/>
</kw>
<kw name="Log To Console" library="BuiltIn">
<arg>${linkText}</arg>
<doc>Logs the given message to the console.</doc>
<status status="PASS" starttime="20230327 19:00:16.098" endtime="20230327 19:00:16.098"/>
</kw>
<status status="PASS" starttime="20230327 19:00:16.077" endtime="20230327 19:00:16.098"/>
</iter>
<iter>
<var name="${i}">63</var>
<kw name="Get Text" library="SeleniumLibrary">
<var>${linkText}</var>
<arg>xpath:(//a)[${i}]</arg>
<doc>Returns the text value of the element identified by ``locator``.</doc>
<msg timestamp="20230327 19:00:16.117" level="INFO">${linkText} = </msg>
<status status="PASS" starttime="20230327 19:00:16.099" endtime="20230327 19:00:16.117"/>
</kw>
<kw name="Log To Console" library="BuiltIn">
<arg>${linkText}</arg>
<doc>Logs the given message to the console.</doc>
<status status="PASS" starttime="20230327 19:00:16.117" endtime="20230327 19:00:16.117"/>
</kw>
<status status="PASS" starttime="20230327 19:00:16.099" endtime="20230327 19:00:16.117"/>
</iter>
<iter>
<var name="${i}">64</var>
<kw name="Get Text" library="SeleniumLibrary">
<var>${linkText}</var>
<arg>xpath:(//a)[${i}]</arg>
<doc>Returns the text value of the element identified by ``locator``.</doc>
<msg timestamp="20230327 19:00:16.136" level="INFO">${linkText} = </msg>
<status status="PASS" starttime="20230327 19:00:16.117" endtime="20230327 19:00:16.136"/>
</kw>
<kw name="Log To Console" library="BuiltIn">
<arg>${linkText}</arg>
<doc>Logs the given message to the console.</doc>
<status status="PASS" starttime="20230327 19:00:16.136" endtime="20230327 19:00:16.136"/>
</kw>
<status status="PASS" starttime="20230327 19:00:16.117" endtime="20230327 19:00:16.136"/>
</iter>
<iter>
<var name="${i}">65</var>
<kw name="Get Text" library="SeleniumLibrary">
<var>${linkText}</var>
<arg>xpath:(//a)[${i}]</arg>
<doc>Returns the text value of the element identified by ``locator``.</doc>
<msg timestamp="20230327 19:00:16.155" level="INFO">${linkText} = </msg>
<status status="PASS" starttime="20230327 19:00:16.136" endtime="20230327 19:00:16.155"/>
</kw>
<kw name="Log To Console" library="BuiltIn">
<arg>${linkText}</arg>
<doc>Logs the given message to the console.</doc>
<status status="PASS" starttime="20230327 19:00:16.155" endtime="20230327 19:00:16.155"/>
</kw>
<status status="PASS" starttime="20230327 19:00:16.136" endtime="20230327 19:00:16.155"/>
</iter>
<iter>
<var name="${i}">66</var>
<kw name="Get Text" library="SeleniumLibrary">
<var>${linkText}</var>
<arg>xpath:(//a)[${i}]</arg>
<doc>Returns the text value of the element identified by ``locator``.</doc>
<msg timestamp="20230327 19:00:16.175" level="INFO">${linkText} = </msg>
<status status="PASS" starttime="20230327 19:00:16.155" endtime="20230327 19:00:16.175"/>
</kw>
<kw name="Log To Console" library="BuiltIn">
<arg>${linkText}</arg>
<doc>Logs the given message to the console.</doc>
<status status="PASS" starttime="20230327 19:00:16.175" endtime="20230327 19:00:16.175"/>
</kw>
<status status="PASS" starttime="20230327 19:00:16.155" endtime="20230327 19:00:16.175"/>
</iter>
<iter>
<var name="${i}">67</var>
<kw name="Get Text" library="SeleniumLibrary">
<var>${linkText}</var>
<arg>xpath:(//a)[${i}]</arg>
<doc>Returns the text value of the element identified by ``locator``.</doc>
<msg timestamp="20230327 19:00:16.193" level="INFO">${linkText} = </msg>
<status status="PASS" starttime="20230327 19:00:16.175" endtime="20230327 19:00:16.194"/>
</kw>
<kw name="Log To Console" library="BuiltIn">
<arg>${linkText}</arg>
<doc>Logs the given message to the console.</doc>
<status status="PASS" starttime="20230327 19:00:16.194" endtime="20230327 19:00:16.194"/>
</kw>
<status status="PASS" starttime="20230327 19:00:16.175" endtime="20230327 19:00:16.194"/>
</iter>
<iter>
<var name="${i}">68</var>
<kw name="Get Text" library="SeleniumLibrary">
<var>${linkText}</var>
<arg>xpath:(//a)[${i}]</arg>
<doc>Returns the text value of the element identified by ``locator``.</doc>
<msg timestamp="20230327 19:00:16.225" level="INFO">${linkText} = </msg>
<status status="PASS" starttime="20230327 19:00:16.194" endtime="20230327 19:00:16.225"/>
</kw>
<kw name="Log To Console" library="BuiltIn">
<arg>${linkText}</arg>
<doc>Logs the given message to the console.</doc>
<status status="PASS" starttime="20230327 19:00:16.225" endtime="20230327 19:00:16.225"/>
</kw>
<status status="PASS" starttime="20230327 19:00:16.194" endtime="20230327 19:00:16.225"/>
</iter>
<iter>
<var name="${i}">69</var>
<kw name="Get Text" library="SeleniumLibrary">
<var>${linkText}</var>
<arg>xpath:(//a)[${i}]</arg>
<doc>Returns the text value of the element identified by ``locator``.</doc>
<msg timestamp="20230327 19:00:16.244" level="INFO">${linkText} = </msg>
<status status="PASS" starttime="20230327 19:00:16.225" endtime="20230327 19:00:16.244"/>
</kw>
<kw name="Log To Console" library="BuiltIn">
<arg>${linkText}</arg>
<doc>Logs the given message to the console.</doc>
<status status="PASS" starttime="20230327 19:00:16.244" endtime="20230327 19:00:16.244"/>
</kw>
<status status="PASS" starttime="20230327 19:00:16.225" endtime="20230327 19:00:16.244"/>
</iter>
<iter>
<var name="${i}">70</var>
<kw name="Get Text" library="SeleniumLibrary">
<var>${linkText}</var>
<arg>xpath:(//a)[${i}]</arg>
<doc>Returns the text value of the element identified by ``locator``.</doc>
<msg timestamp="20230327 19:00:16.262" level="INFO">${linkText} = </msg>
<status status="PASS" starttime="20230327 19:00:16.244" endtime="20230327 19:00:16.262"/>
</kw>
<kw name="Log To Console" library="BuiltIn">
<arg>${linkText}</arg>
<doc>Logs the given message to the console.</doc>
<status status="PASS" starttime="20230327 19:00:16.262" endtime="20230327 19:00:16.262"/>
</kw>
<status status="PASS" starttime="20230327 19:00:16.244" endtime="20230327 19:00:16.262"/>
</iter>
<iter>
<var name="${i}">71</var>
<kw name="Get Text" library="SeleniumLibrary">
<var>${linkText}</var>
<arg>xpath:(//a)[${i}]</arg>
<doc>Returns the text value of the element identified by ``locator``.</doc>
<msg timestamp="20230327 19:00:16.281" level="INFO">${linkText} = </msg>
<status status="PASS" starttime="20230327 19:00:16.262" endtime="20230327 19:00:16.281"/>
</kw>
<kw name="Log To Console" library="BuiltIn">
<arg>${linkText}</arg>
<doc>Logs the given message to the console.</doc>
<status status="PASS" starttime="20230327 19:00:16.281" endtime="20230327 19:00:16.281"/>
</kw>
<status status="PASS" starttime="20230327 19:00:16.262" endtime="20230327 19:00:16.281"/>
</iter>
<iter>
<var name="${i}">72</var>
<kw name="Get Text" library="SeleniumLibrary">
<var>${linkText}</var>
<arg>xpath:(//a)[${i}]</arg>
<doc>Returns the text value of the element identified by ``locator``.</doc>
<msg timestamp="20230327 19:00:16.299" level="INFO">${linkText} = </msg>
<status status="PASS" starttime="20230327 19:00:16.281" endtime="20230327 19:00:16.299"/>
</kw>
<kw name="Log To Console" library="BuiltIn">
<arg>${linkText}</arg>
<doc>Logs the given message to the console.</doc>
<status status="PASS" starttime="20230327 19:00:16.299" endtime="20230327 19:00:16.299"/>
</kw>
<status status="PASS" starttime="20230327 19:00:16.281" endtime="20230327 19:00:16.299"/>
</iter>
<iter>
<var name="${i}">73</var>
<kw name="Get Text" library="SeleniumLibrary">
<var>${linkText}</var>
<arg>xpath:(//a)[${i}]</arg>
<doc>Returns the text value of the element identified by ``locator``.</doc>
<msg timestamp="20230327 19:00:16.317" level="INFO">${linkText} = </msg>
<status status="PASS" starttime="20230327 19:00:16.300" endtime="20230327 19:00:16.317"/>
</kw>
<kw name="Log To Console" library="BuiltIn">
<arg>${linkText}</arg>
<doc>Logs the given message to the console.</doc>
<status status="PASS" starttime="20230327 19:00:16.318" endtime="20230327 19:00:16.318"/>
</kw>
<status status="PASS" starttime="20230327 19:00:16.299" endtime="20230327 19:00:16.318"/>
</iter>
<iter>
<var name="${i}">74</var>
<kw name="Get Text" library="SeleniumLibrary">
<var>${linkText}</var>
<arg>xpath:(//a)[${i}]</arg>
<doc>Returns the text value of the element identified by ``locator``.</doc>
<msg timestamp="20230327 19:00:16.336" level="INFO">${linkText} = </msg>
<status status="PASS" starttime="20230327 19:00:16.318" endtime="20230327 19:00:16.336"/>
</kw>
<kw name="Log To Console" library="BuiltIn">
<arg>${linkText}</arg>
<doc>Logs the given message to the console.</doc>
<status status="PASS" starttime="20230327 19:00:16.336" endtime="20230327 19:00:16.336"/>
</kw>
<status status="PASS" starttime="20230327 19:00:16.318" endtime="20230327 19:00:16.336"/>
</iter>
<iter>
<var name="${i}">75</var>
<kw name="Get Text" library="SeleniumLibrary">
<var>${linkText}</var>
<arg>xpath:(//a)[${i}]</arg>
<doc>Returns the text value of the element identified by ``locator``.</doc>
<msg timestamp="20230327 19:00:16.354" level="INFO">${linkText} = </msg>
<status status="PASS" starttime="20230327 19:00:16.336" endtime="20230327 19:00:16.354"/>
</kw>
<kw name="Log To Console" library="BuiltIn">
<arg>${linkText}</arg>
<doc>Logs the given message to the console.</doc>
<status status="PASS" starttime="20230327 19:00:16.354" endtime="20230327 19:00:16.355"/>
</kw>
<status status="PASS" starttime="20230327 19:00:16.336" endtime="20230327 19:00:16.355"/>
</iter>
<iter>
<var name="${i}">76</var>
<kw name="Get Text" library="SeleniumLibrary">
<var>${linkText}</var>
<arg>xpath:(//a)[${i}]</arg>
<doc>Returns the text value of the element identified by ``locator``.</doc>
<msg timestamp="20230327 19:00:16.372" level="INFO">${linkText} = </msg>
<status status="PASS" starttime="20230327 19:00:16.355" endtime="20230327 19:00:16.372"/>
</kw>
<kw name="Log To Console" library="BuiltIn">
<arg>${linkText}</arg>
<doc>Logs the given message to the console.</doc>
<status status="PASS" starttime="20230327 19:00:16.373" endtime="20230327 19:00:16.373"/>
</kw>
<status status="PASS" starttime="20230327 19:00:16.355" endtime="20230327 19:00:16.373"/>
</iter>
<iter>
<var name="${i}">77</var>
<kw name="Get Text" library="SeleniumLibrary">
<var>${linkText}</var>
<arg>xpath:(//a)[${i}]</arg>
<doc>Returns the text value of the element identified by ``locator``.</doc>
<msg timestamp="20230327 19:00:16.391" level="INFO">${linkText} = </msg>
<status status="PASS" starttime="20230327 19:00:16.373" endtime="20230327 19:00:16.391"/>
</kw>
<kw name="Log To Console" library="BuiltIn">
<arg>${linkText}</arg>
<doc>Logs the given message to the console.</doc>
<status status="PASS" starttime="20230327 19:00:16.391" endtime="20230327 19:00:16.391"/>
</kw>
<status status="PASS" starttime="20230327 19:00:16.373" endtime="20230327 19:00:16.391"/>
</iter>
<iter>
<var name="${i}">78</var>
<kw name="Get Text" library="SeleniumLibrary">
<var>${linkText}</var>
<arg>xpath:(//a)[${i}]</arg>
<doc>Returns the text value of the element identified by ``locator``.</doc>
<msg timestamp="20230327 19:00:16.410" level="INFO">${linkText} = </msg>
<status status="PASS" starttime="20230327 19:00:16.391" endtime="20230327 19:00:16.410"/>
</kw>
<kw name="Log To Console" library="BuiltIn">
<arg>${linkText}</arg>
<doc>Logs the given message to the console.</doc>
<status status="PASS" starttime="20230327 19:00:16.410" endtime="20230327 19:00:16.410"/>
</kw>
<status status="PASS" starttime="20230327 19:00:16.391" endtime="20230327 19:00:16.410"/>
</iter>
<iter>
<var name="${i}">79</var>
<kw name="Get Text" library="SeleniumLibrary">
<var>${linkText}</var>
<arg>xpath:(//a)[${i}]</arg>
<doc>Returns the text value of the element identified by ``locator``.</doc>
<msg timestamp="20230327 19:00:16.429" level="INFO">${linkText} = </msg>
<status status="PASS" starttime="20230327 19:00:16.410" endtime="20230327 19:00:16.429"/>
</kw>
<kw name="Log To Console" library="BuiltIn">
<arg>${linkText}</arg>
<doc>Logs the given message to the console.</doc>
<status status="PASS" starttime="20230327 19:00:16.429" endtime="20230327 19:00:16.429"/>
</kw>
<status status="PASS" starttime="20230327 19:00:16.410" endtime="20230327 19:00:16.429"/>
</iter>
<iter>
<var name="${i}">80</var>
<kw name="Get Text" library="SeleniumLibrary">
<var>${linkText}</var>
<arg>xpath:(//a)[${i}]</arg>
<doc>Returns the text value of the element identified by ``locator``.</doc>
<msg timestamp="20230327 19:00:16.448" level="INFO">${linkText} = </msg>
<status status="PASS" starttime="20230327 19:00:16.429" endtime="20230327 19:00:16.448"/>
</kw>
<kw name="Log To Console" library="BuiltIn">
<arg>${linkText}</arg>
<doc>Logs the given message to the console.</doc>
<status status="PASS" starttime="20230327 19:00:16.448" endtime="20230327 19:00:16.448"/>
</kw>
<status status="PASS" starttime="20230327 19:00:16.429" endtime="20230327 19:00:16.448"/>
</iter>
<iter>
<var name="${i}">81</var>
<kw name="Get Text" library="SeleniumLibrary">
<var>${linkText}</var>
<arg>xpath:(//a)[${i}]</arg>
<doc>Returns the text value of the element identified by ``locator``.</doc>
<msg timestamp="20230327 19:00:16.467" level="INFO">${linkText} = </msg>
<status status="PASS" starttime="20230327 19:00:16.448" endtime="20230327 19:00:16.467"/>
</kw>
<kw name="Log To Console" library="BuiltIn">
<arg>${linkText}</arg>
<doc>Logs the given message to the console.</doc>
<status status="PASS" starttime="20230327 19:00:16.467" endtime="20230327 19:00:16.467"/>
</kw>
<status status="PASS" starttime="20230327 19:00:16.448" endtime="20230327 19:00:16.467"/>
</iter>
<iter>
<var name="${i}">82</var>
<kw name="Get Text" library="SeleniumLibrary">
<var>${linkText}</var>
<arg>xpath:(//a)[${i}]</arg>
<doc>Returns the text value of the element identified by ``locator``.</doc>
<msg timestamp="20230327 19:00:16.485" level="INFO">${linkText} = </msg>
<status status="PASS" starttime="20230327 19:00:16.467" endtime="20230327 19:00:16.485"/>
</kw>
<kw name="Log To Console" library="BuiltIn">
<arg>${linkText}</arg>
<doc>Logs the given message to the console.</doc>
<status status="PASS" starttime="20230327 19:00:16.485" endtime="20230327 19:00:16.485"/>
</kw>
<status status="PASS" starttime="20230327 19:00:16.467" endtime="20230327 19:00:16.485"/>
</iter>
<iter>
<var name="${i}">83</var>
<kw name="Get Text" library="SeleniumLibrary">
<var>${linkText}</var>
<arg>xpath:(//a)[${i}]</arg>
<doc>Returns the text value of the element identified by ``locator``.</doc>
<msg timestamp="20230327 19:00:16.503" level="INFO">${linkText} = </msg>
<status status="PASS" starttime="20230327 19:00:16.485" endtime="20230327 19:00:16.503"/>
</kw>
<kw name="Log To Console" library="BuiltIn">
<arg>${linkText}</arg>
<doc>Logs the given message to the console.</doc>
<status status="PASS" starttime="20230327 19:00:16.503" endtime="20230327 19:00:16.503"/>
</kw>
<status status="PASS" starttime="20230327 19:00:16.485" endtime="20230327 19:00:16.503"/>
</iter>
<iter>
<var name="${i}">84</var>
<kw name="Get Text" library="SeleniumLibrary">
<var>${linkText}</var>
<arg>xpath:(//a)[${i}]</arg>
<doc>Returns the text value of the element identified by ``locator``.</doc>
<msg timestamp="20230327 19:00:16.522" level="INFO">${linkText} = </msg>
<status status="PASS" starttime="20230327 19:00:16.504" endtime="20230327 19:00:16.522"/>
</kw>
<kw name="Log To Console" library="BuiltIn">
<arg>${linkText}</arg>
<doc>Logs the given message to the console.</doc>
<status status="PASS" starttime="20230327 19:00:16.522" endtime="20230327 19:00:16.522"/>
</kw>
<status status="PASS" starttime="20230327 19:00:16.504" endtime="20230327 19:00:16.522"/>
</iter>
<iter>
<var name="${i}">85</var>
<kw name="Get Text" library="SeleniumLibrary">
<var>${linkText}</var>
<arg>xpath:(//a)[${i}]</arg>
<doc>Returns the text value of the element identified by ``locator``.</doc>
<msg timestamp="20230327 19:00:16.540" level="INFO">${linkText} = </msg>
<status status="PASS" starttime="20230327 19:00:16.522" endtime="20230327 19:00:16.540"/>
</kw>
<kw name="Log To Console" library="BuiltIn">
<arg>${linkText}</arg>
<doc>Logs the given message to the console.</doc>
<status status="PASS" starttime="20230327 19:00:16.540" endtime="20230327 19:00:16.540"/>
</kw>
<status status="PASS" starttime="20230327 19:00:16.522" endtime="20230327 19:00:16.541"/>
</iter>
<iter>
<var name="${i}">86</var>
<kw name="Get Text" library="SeleniumLibrary">
<var>${linkText}</var>
<arg>xpath:(//a)[${i}]</arg>
<doc>Returns the text value of the element identified by ``locator``.</doc>
<msg timestamp="20230327 19:00:16.561" level="INFO">${linkText} = </msg>
<status status="PASS" starttime="20230327 19:00:16.541" endtime="20230327 19:00:16.561"/>
</kw>
<kw name="Log To Console" library="BuiltIn">
<arg>${linkText}</arg>
<doc>Logs the given message to the console.</doc>
<status status="PASS" starttime="20230327 19:00:16.561" endtime="20230327 19:00:16.561"/>
</kw>
<status status="PASS" starttime="20230327 19:00:16.541" endtime="20230327 19:00:16.561"/>
</iter>
<iter>
<var name="${i}">87</var>
<kw name="Get Text" library="SeleniumLibrary">
<var>${linkText}</var>
<arg>xpath:(//a)[${i}]</arg>
<doc>Returns the text value of the element identified by ``locator``.</doc>
<msg timestamp="20230327 19:00:16.580" level="INFO">${linkText} = </msg>
<status status="PASS" starttime="20230327 19:00:16.561" endtime="20230327 19:00:16.580"/>
</kw>
<kw name="Log To Console" library="BuiltIn">
<arg>${linkText}</arg>
<doc>Logs the given message to the console.</doc>
<status status="PASS" starttime="20230327 19:00:16.581" endtime="20230327 19:00:16.581"/>
</kw>
<status status="PASS" starttime="20230327 19:00:16.561" endtime="20230327 19:00:16.581"/>
</iter>
<iter>
<var name="${i}">88</var>
<kw name="Get Text" library="SeleniumLibrary">
<var>${linkText}</var>
<arg>xpath:(//a)[${i}]</arg>
<doc>Returns the text value of the element identified by ``locator``.</doc>
<msg timestamp="20230327 19:00:16.600" level="INFO">${linkText} = </msg>
<status status="PASS" starttime="20230327 19:00:16.581" endtime="20230327 19:00:16.600"/>
</kw>
<kw name="Log To Console" library="BuiltIn">
<arg>${linkText}</arg>
<doc>Logs the given message to the console.</doc>
<status status="PASS" starttime="20230327 19:00:16.600" endtime="20230327 19:00:16.600"/>
</kw>
<status status="PASS" starttime="20230327 19:00:16.581" endtime="20230327 19:00:16.600"/>
</iter>
<iter>
<var name="${i}">89</var>
<kw name="Get Text" library="SeleniumLibrary">
<var>${linkText}</var>
<arg>xpath:(//a)[${i}]</arg>
<doc>Returns the text value of the element identified by ``locator``.</doc>
<msg timestamp="20230327 19:00:16.619" level="INFO">${linkText} = </msg>
<status status="PASS" starttime="20230327 19:00:16.600" endtime="20230327 19:00:16.619"/>
</kw>
<kw name="Log To Console" library="BuiltIn">
<arg>${linkText}</arg>
<doc>Logs the given message to the console.</doc>
<status status="PASS" starttime="20230327 19:00:16.619" endtime="20230327 19:00:16.619"/>
</kw>
<status status="PASS" starttime="20230327 19:00:16.600" endtime="20230327 19:00:16.619"/>
</iter>
<iter>
<var name="${i}">90</var>
<kw name="Get Text" library="SeleniumLibrary">
<var>${linkText}</var>
<arg>xpath:(//a)[${i}]</arg>
<doc>Returns the text value of the element identified by ``locator``.</doc>
<msg timestamp="20230327 19:00:16.639" level="INFO">${linkText} = DIVERS</msg>
<status status="PASS" starttime="20230327 19:00:16.620" endtime="20230327 19:00:16.639"/>
</kw>
<kw name="Log To Console" library="BuiltIn">
<arg>${linkText}</arg>
<doc>Logs the given message to the console.</doc>
<status status="PASS" starttime="20230327 19:00:16.639" endtime="20230327 19:00:16.639"/>
</kw>
<status status="PASS" starttime="20230327 19:00:16.619" endtime="20230327 19:00:16.639"/>
</iter>
<iter>
<var name="${i}">91</var>
<kw name="Get Text" library="SeleniumLibrary">
<var>${linkText}</var>
<arg>xpath:(//a)[${i}]</arg>
<doc>Returns the text value of the element identified by ``locator``.</doc>
<msg timestamp="20230327 19:00:16.663" level="INFO">${linkText} = OK</msg>
<status status="PASS" starttime="20230327 19:00:16.639" endtime="20230327 19:00:16.663"/>
</kw>
<kw name="Log To Console" library="BuiltIn">
<arg>${linkText}</arg>
<doc>Logs the given message to the console.</doc>
<status status="PASS" starttime="20230327 19:00:16.663" endtime="20230327 19:00:16.663"/>
</kw>
<status status="PASS" starttime="20230327 19:00:16.639" endtime="20230327 19:00:16.663"/>
</iter>
<iter>
<var name="${i}">92</var>
<kw name="Get Text" library="SeleniumLibrary">
<var>${linkText}</var>
<arg>xpath:(//a)[${i}]</arg>
<doc>Returns the text value of the element identified by ``locator``.</doc>
<msg timestamp="20230327 19:00:16.686" level="INFO">${linkText} = OK</msg>
<status status="PASS" starttime="20230327 19:00:16.663" endtime="20230327 19:00:16.686"/>
</kw>
<kw name="Log To Console" library="BuiltIn">
<arg>${linkText}</arg>
<doc>Logs the given message to the console.</doc>
<status status="PASS" starttime="20230327 19:00:16.687" endtime="20230327 19:00:16.687"/>
</kw>
<status status="PASS" starttime="20230327 19:00:16.663" endtime="20230327 19:00:16.687"/>
</iter>
<iter>
<var name="${i}">93</var>
<kw name="Get Text" library="SeleniumLibrary">
<var>${linkText}</var>
<arg>xpath:(//a)[${i}]</arg>
<doc>Returns the text value of the element identified by ``locator``.</doc>
<msg timestamp="20230327 19:00:16.709" level="INFO">${linkText} = </msg>
<status status="PASS" starttime="20230327 19:00:16.687" endtime="20230327 19:00:16.709"/>
</kw>
<kw name="Log To Console" library="BuiltIn">
<arg>${linkText}</arg>
<doc>Logs the given message to the console.</doc>
<status status="PASS" starttime="20230327 19:00:16.709" endtime="20230327 19:00:16.709"/>
</kw>
<status status="PASS" starttime="20230327 19:00:16.687" endtime="20230327 19:00:16.709"/>
</iter>
<iter>
<var name="${i}">94</var>
<kw name="Get Text" library="SeleniumLibrary">
<var>${linkText}</var>
<arg>xpath:(//a)[${i}]</arg>
<doc>Returns the text value of the element identified by ``locator``.</doc>
<msg timestamp="20230327 19:00:16.730" level="INFO">${linkText} = </msg>
<status status="PASS" starttime="20230327 19:00:16.710" endtime="20230327 19:00:16.730"/>
</kw>
<kw name="Log To Console" library="BuiltIn">
<arg>${linkText}</arg>
<doc>Logs the given message to the console.</doc>
<status status="PASS" starttime="20230327 19:00:16.730" endtime="20230327 19:00:16.730"/>
</kw>
<status status="PASS" starttime="20230327 19:00:16.709" endtime="20230327 19:00:16.730"/>
</iter>
<iter>
<var name="${i}">95</var>
<kw name="Get Text" library="SeleniumLibrary">
<var>${linkText}</var>
<arg>xpath:(//a)[${i}]</arg>
<doc>Returns the text value of the element identified by ``locator``.</doc>
<msg timestamp="20230327 19:00:16.752" level="INFO">${linkText} = </msg>
<status status="PASS" starttime="20230327 19:00:16.730" endtime="20230327 19:00:16.752"/>
</kw>
<kw name="Log To Console" library="BuiltIn">
<arg>${linkText}</arg>
<doc>Logs the given message to the console.</doc>
<status status="PASS" starttime="20230327 19:00:16.752" endtime="20230327 19:00:16.752"/>
</kw>
<status status="PASS" starttime="20230327 19:00:16.730" endtime="20230327 19:00:16.752"/>
</iter>
<iter>
<var name="${i}">96</var>
<kw name="Get Text" library="SeleniumLibrary">
<var>${linkText}</var>
<arg>xpath:(//a)[${i}]</arg>
<doc>Returns the text value of the element identified by ``locator``.</doc>
<msg timestamp="20230327 19:00:16.775" level="INFO">${linkText} = Oui je veux le mini guide !</msg>
<status status="PASS" starttime="20230327 19:00:16.752" endtime="20230327 19:00:16.775"/>
</kw>
<kw name="Log To Console" library="BuiltIn">
<arg>${linkText}</arg>
<doc>Logs the given message to the console.</doc>
<status status="PASS" starttime="20230327 19:00:16.775" endtime="20230327 19:00:16.776"/>
</kw>
<status status="PASS" starttime="20230327 19:00:16.752" endtime="20230327 19:00:16.776"/>
</iter>
<iter>
<var name="${i}">97</var>
<kw name="Get Text" library="SeleniumLibrary">
<var>${linkText}</var>
<arg>xpath:(//a)[${i}]</arg>
<doc>Returns the text value of the element identified by ``locator``.</doc>
<msg timestamp="20230327 19:00:16.799" level="INFO">${linkText} = </msg>
<status status="PASS" starttime="20230327 19:00:16.776" endtime="20230327 19:00:16.799"/>
</kw>
<kw name="Log To Console" library="BuiltIn">
<arg>${linkText}</arg>
<doc>Logs the given message to the console.</doc>
<status status="PASS" starttime="20230327 19:00:16.799" endtime="20230327 19:00:16.799"/>
</kw>
<status status="PASS" starttime="20230327 19:00:16.776" endtime="20230327 19:00:16.799"/>
</iter>
<iter>
<var name="${i}">98</var>
<kw name="Get Text" library="SeleniumLibrary">
<var>${linkText}</var>
<arg>xpath:(//a)[${i}]</arg>
<doc>Returns the text value of the element identified by ``locator``.</doc>
<msg timestamp="20230327 19:00:16.820" level="INFO">${linkText} = </msg>
<status status="PASS" starttime="20230327 19:00:16.799" endtime="20230327 19:00:16.820"/>
</kw>
<kw name="Log To Console" library="BuiltIn">
<arg>${linkText}</arg>
<doc>Logs the given message to the console.</doc>
<status status="PASS" starttime="20230327 19:00:16.820" endtime="20230327 19:00:16.820"/>
</kw>
<status status="PASS" starttime="20230327 19:00:16.799" endtime="20230327 19:00:16.820"/>
</iter>
<iter>
<var name="${i}">99</var>
<kw name="Get Text" library="SeleniumLibrary">
<var>${linkText}</var>
<arg>xpath:(//a)[${i}]</arg>
<doc>Returns the text value of the element identified by ``locator``.</doc>
<msg timestamp="20230327 19:00:16.840" level="INFO">${linkText} = Définition d’un Site web (website)</msg>
<status status="PASS" starttime="20230327 19:00:16.820" endtime="20230327 19:00:16.840"/>
</kw>
<kw name="Log To Console" library="BuiltIn">
<arg>${linkText}</arg>
<doc>Logs the given message to the console.</doc>
<status status="PASS" starttime="20230327 19:00:16.840" endtime="20230327 19:00:16.841"/>
</kw>
<status status="PASS" starttime="20230327 19:00:16.820" endtime="20230327 19:00:16.841"/>
</iter>
<iter>
<var name="${i}">100</var>
<kw name="Get Text" library="SeleniumLibrary">
<var>${linkText}</var>
<arg>xpath:(//a)[${i}]</arg>
<doc>Returns the text value of the element identified by ``locator``.</doc>
<msg timestamp="20230327 19:00:16.860" level="INFO">${linkText} = </msg>
<status status="PASS" starttime="20230327 19:00:16.841" endtime="20230327 19:00:16.860"/>
</kw>
<kw name="Log To Console" library="BuiltIn">
<arg>${linkText}</arg>
<doc>Logs the given message to the console.</doc>
<status status="PASS" starttime="20230327 19:00:16.860" endtime="20230327 19:00:16.861"/>
</kw>
<status status="PASS" starttime="20230327 19:00:16.841" endtime="20230327 19:00:16.861"/>
</iter>
<iter>
<var name="${i}">101</var>
<kw name="Get Text" library="SeleniumLibrary">
<var>${linkText}</var>
<arg>xpath:(//a)[${i}]</arg>
<doc>Returns the text value of the element identified by ``locator``.</doc>
<msg timestamp="20230327 19:00:16.880" level="INFO">${linkText} = </msg>
<status status="PASS" starttime="20230327 19:00:16.861" endtime="20230327 19:00:16.880"/>
</kw>
<kw name="Log To Console" library="BuiltIn">
<arg>${linkText}</arg>
<doc>Logs the given message to the console.</doc>
<status status="PASS" starttime="20230327 19:00:16.880" endtime="20230327 19:00:16.880"/>
</kw>
<status status="PASS" starttime="20230327 19:00:16.861" endtime="20230327 19:00:16.880"/>
</iter>
<iter>
<var name="${i}">102</var>
<kw name="Get Text" library="SeleniumLibrary">
<var>${linkText}</var>
<arg>xpath:(//a)[${i}]</arg>
<doc>Returns the text value of the element identified by ``locator``.</doc>
<msg timestamp="20230327 19:00:16.899" level="INFO">${linkText} = "Le Growth Hacking"</msg>
<status status="PASS" starttime="20230327 19:00:16.880" endtime="20230327 19:00:16.899"/>
</kw>
<kw name="Log To Console" library="BuiltIn">
<arg>${linkText}</arg>
<doc>Logs the given message to the console.</doc>
<status status="PASS" starttime="20230327 19:00:16.899" endtime="20230327 19:00:16.899"/>
</kw>
<status status="PASS" starttime="20230327 19:00:16.880" endtime="20230327 19:00:16.899"/>
</iter>
<iter>
<var name="${i}">103</var>
<kw name="Get Text" library="SeleniumLibrary">
<var>${linkText}</var>
<arg>xpath:(//a)[${i}]</arg>
<doc>Returns the text value of the element identified by ``locator``.</doc>
<msg timestamp="20230327 19:00:16.918" level="INFO">${linkText} = formation Growth Hacking</msg>
<status status="PASS" starttime="20230327 19:00:16.899" endtime="20230327 19:00:16.918"/>
</kw>
<kw name="Log To Console" library="BuiltIn">
<arg>${linkText}</arg>
<doc>Logs the given message to the console.</doc>
<status status="PASS" starttime="20230327 19:00:16.918" endtime="20230327 19:00:16.918"/>
</kw>
<status status="PASS" starttime="20230327 19:00:16.899" endtime="20230327 19:00:16.918"/>
</iter>
<iter>
<var name="${i}">104</var>
<kw name="Get Text" library="SeleniumLibrary">
<var>${linkText}</var>
<arg>xpath:(//a)[${i}]</arg>
<doc>Returns the text value of the element identified by ``locator``.</doc>
<msg timestamp="20230327 19:00:16.938" level="INFO">${linkText} = derniers livres et formations vidéo</msg>
<status status="PASS" starttime="20230327 19:00:16.919" endtime="20230327 19:00:16.938"/>
</kw>
<kw name="Log To Console" library="BuiltIn">
<arg>${linkText}</arg>
<doc>Logs the given message to the console.</doc>
<status status="PASS" starttime="20230327 19:00:16.938" endtime="20230327 19:00:16.938"/>
</kw>
<status status="PASS" starttime="20230327 19:00:16.919" endtime="20230327 19:00:16.938"/>
</iter>
<iter>
<var name="${i}">105</var>
<kw name="Get Text" library="SeleniumLibrary">
<var>${linkText}</var>
<arg>xpath:(//a)[${i}]</arg>
<doc>Returns the text value of the element identified by ``locator``.</doc>
<msg timestamp="20230327 19:00:16.958" level="INFO">${linkText} = Linkedin</msg>
<status status="PASS" starttime="20230327 19:00:16.938" endtime="20230327 19:00:16.958"/>
</kw>
<kw name="Log To Console" library="BuiltIn">
<arg>${linkText}</arg>
<doc>Logs the given message to the console.</doc>
<status status="PASS" starttime="20230327 19:00:16.958" endtime="20230327 19:00:16.958"/>
</kw>
<status status="PASS" starttime="20230327 19:00:16.938" endtime="20230327 19:00:16.958"/>
</iter>
<iter>
<var name="${i}">106</var>
<kw name="Get Text" library="SeleniumLibrary">
<var>${linkText}</var>
<arg>xpath:(//a)[${i}]</arg>
<doc>Returns the text value of the element identified by ``locator``.</doc>
<msg timestamp="20230327 19:00:16.978" level="INFO">${linkText} = et ma chaine Youtube</msg>
<status status="PASS" starttime="20230327 19:00:16.958" endtime="20230327 19:00:16.978"/>
</kw>
<kw name="Log To Console" library="BuiltIn">
<arg>${linkText}</arg>
<doc>Logs the given message to the console.</doc>
<status status="PASS" starttime="20230327 19:00:16.978" endtime="20230327 19:00:16.979"/>
</kw>
<status status="PASS" starttime="20230327 19:00:16.958" endtime="20230327 19:00:16.979"/>
</iter>
<iter>
<var name="${i}">107</var>
<kw name="Get Text" library="SeleniumLibrary">
<var>${linkText}</var>
<arg>xpath:(//a)[${i}]</arg>
<doc>Returns the text value of the element identified by ``locator``.</doc>
<msg timestamp="20230327 19:00:16.998" level="INFO">${linkText} = </msg>
<status status="PASS" starttime="20230327 19:00:16.979" endtime="20230327 19:00:16.998"/>
</kw>
<kw name="Log To Console" library="BuiltIn">
<arg>${linkText}</arg>
<doc>Logs the given message to the console.</doc>
<status status="PASS" starttime="20230327 19:00:16.998" endtime="20230327 19:00:16.998"/>
</kw>
<status status="PASS" starttime="20230327 19:00:16.979" endtime="20230327 19:00:16.999"/>
</iter>
<iter>
<var name="${i}">108</var>
[...]
<msg timestamp="20230327 19:00:17.490" level="INFO">${linkText} = La Checkliste SEO</msg>
<status status="PASS" starttime="20230327 19:00:17.469" endtime="20230327 19:00:17.490"/>
</kw>
<kw name="Log To Console" library="BuiltIn">
<arg>${linkText}</arg>
<doc>Logs the given message to the console.</doc>
<status status="PASS" starttime="20230327 19:00:17.490" endtime="20230327 19:00:17.490"/>
</kw>
<status status="PASS" starttime="20230327 19:00:17.469" endtime="20230327 19:00:17.490"/>
</iter>
<iter>
<var name="${i}">132</var>
<kw name="Get Text" library="SeleniumLibrary">
<var>${linkText}</var>
<arg>xpath:(//a)[${i}]</arg>
<doc>Returns the text value of the element identified by ``locator``.</doc>
<msg timestamp="20230327 19:00:17.512" level="INFO">${linkText} = Comment lancer un blog ?</msg>
<status status="PASS" starttime="20230327 19:00:17.490" endtime="20230327 19:00:17.512"/>
</kw>
<kw name="Log To Console" library="BuiltIn">
<arg>${linkText}</arg>
<doc>Logs the given message to the console.</doc>
<status status="PASS" starttime="20230327 19:00:17.512" endtime="20230327 19:00:17.512"/>
</kw>
<status status="PASS" starttime="20230327 19:00:17.490" endtime="20230327 19:00:17.512"/>
</iter>
<iter>
<var name="${i}">133</var>
<kw name="Get Text" library="SeleniumLibrary">
<var>${linkText}</var>
<arg>xpath:(//a)[${i}]</arg>
<doc>Returns the text value of the element identified by ``locator``.</doc>
<msg timestamp="20230327 19:00:17.532" level="INFO">${linkText} = </msg>
<status status="PASS" starttime="20230327 19:00:17.512" endtime="20230327 19:00:17.532"/>
</kw>
<kw name="Log To Console" library="BuiltIn">
<arg>${linkText}</arg>
<doc>Logs the given message to the console.</doc>
<status status="PASS" starttime="20230327 19:00:17.532" endtime="20230327 19:00:17.533"/>
</kw>
<status status="PASS" starttime="20230327 19:00:17.512" endtime="20230327 19:00:17.533"/>
</iter>
<iter>
<var name="${i}">134</var>
<kw name="Get Text" library="SeleniumLibrary">
<var>${linkText}</var>
<arg>xpath:(//a)[${i}]</arg>
<doc>Returns the text value of the element identified by ``locator``.</doc>
<msg timestamp="20230327 19:00:17.553" level="INFO">${linkText} = Manager Go !</msg>
<status status="PASS" starttime="20230327 19:00:17.533" endtime="20230327 19:00:17.553"/>
</kw>
<kw name="Log To Console" library="BuiltIn">
<arg>${linkText}</arg>
<doc>Logs the given message to the console.</doc>
<status status="PASS" starttime="20230327 19:00:17.553" endtime="20230327 19:00:17.554"/>
</kw>
<status status="PASS" starttime="20230327 19:00:17.533" endtime="20230327 19:00:17.554"/>
</iter>
<iter>
<var name="${i}">135</var>
<kw name="Get Text" library="SeleniumLibrary">
<var>${linkText}</var>
<arg>xpath:(//a)[${i}]</arg>
<doc>Returns the text value of the element identified by ``locator``.</doc>
<msg timestamp="20230327 19:00:17.574" level="INFO">${linkText} = </msg>
<status status="PASS" starttime="20230327 19:00:17.554" endtime="20230327 19:00:17.574"/>
</kw>
<kw name="Log To Console" library="BuiltIn">
<arg>${linkText}</arg>
<doc>Logs the given message to the console.</doc>
<status status="PASS" starttime="20230327 19:00:17.574" endtime="20230327 19:00:17.574"/>
</kw>
<status status="PASS" starttime="20230327 19:00:17.554" endtime="20230327 19:00:17.575"/>
</iter>
<iter>
<var name="${i}">136</var>
<kw name="Get Text" library="SeleniumLibrary">
<var>${linkText}</var>
<arg>xpath:(//a)[${i}]</arg>
<doc>Returns the text value of the element identified by ``locator``.</doc>
<msg timestamp="20230327 19:00:17.595" level="INFO">${linkText} = </msg>
<status status="PASS" starttime="20230327 19:00:17.575" endtime="20230327 19:00:17.595"/>
</kw>
<kw name="Log To Console" library="BuiltIn">
<arg>${linkText}</arg>
<doc>Logs the given message to the console.</doc>
<status status="PASS" starttime="20230327 19:00:17.595" endtime="20230327 19:00:17.595"/>
</kw>
<status status="PASS" starttime="20230327 19:00:17.575" endtime="20230327 19:00:17.596"/>
</iter>
<iter>
<var name="${i}">137</var>
<kw name="Get Text" library="SeleniumLibrary">
<var>${linkText}</var>
<arg>xpath:(//a)[${i}]</arg>
<doc>Returns the text value of the element identified by ``locator``.</doc>
<msg timestamp="20230327 19:00:17.617" level="INFO">${linkText} = </msg>
<status status="PASS" starttime="20230327 19:00:17.596" endtime="20230327 19:00:17.617"/>
</kw>
<kw name="Log To Console" library="BuiltIn">
<arg>${linkText}</arg>
<doc>Logs the given message to the console.</doc>
<status status="PASS" starttime="20230327 19:00:17.617" endtime="20230327 19:00:17.617"/>
</kw>
<status status="PASS" starttime="20230327 19:00:17.596" endtime="20230327 19:00:17.617"/>
</iter>
<iter>
<var name="${i}">138</var>
<kw name="Get Text" library="SeleniumLibrary">
<var>${linkText}</var>
<arg>xpath:(//a)[${i}]</arg>
<doc>Returns the text value of the element identified by ``locator``.</doc>
<msg timestamp="20230327 19:00:17.637" level="INFO">${linkText} = </msg>
<status status="PASS" starttime="20230327 19:00:17.617" endtime="20230327 19:00:17.637"/>
</kw>
<kw name="Log To Console" library="BuiltIn">
<arg>${linkText}</arg>
<doc>Logs the given message to the console.</doc>
<status status="PASS" starttime="20230327 19:00:17.637" endtime="20230327 19:00:17.638"/>
</kw>
<status status="PASS" starttime="20230327 19:00:17.617" endtime="20230327 19:00:17.638"/>
</iter>
<iter>
<var name="${i}">139</var>
<kw name="Get Text" library="SeleniumLibrary">
<var>${linkText}</var>
<arg>xpath:(//a)[${i}]</arg>
<doc>Returns the text value of the element identified by ``locator``.</doc>
<msg timestamp="20230327 19:00:17.659" level="INFO">${linkText} = </msg>
<status status="PASS" starttime="20230327 19:00:17.638" endtime="20230327 19:00:17.659"/>
</kw>
<kw name="Log To Console" library="BuiltIn">
<arg>${linkText}</arg>
<doc>Logs the given message to the console.</doc>
<status status="PASS" starttime="20230327 19:00:17.659" endtime="20230327 19:00:17.659"/>
</kw>
<status status="PASS" starttime="20230327 19:00:17.638" endtime="20230327 19:00:17.659"/>
</iter>
<iter>
<var name="${i}">140</var>
<kw name="Get Text" library="SeleniumLibrary">
<var>${linkText}</var>
<arg>xpath:(//a)[${i}]</arg>
<doc>Returns the text value of the element identified by ``locator``.</doc>
<msg timestamp="20230327 19:00:17.679" level="INFO">${linkText} = DIVERS</msg>
<status status="PASS" starttime="20230327 19:00:17.660" endtime="20230327 19:00:17.679"/>
</kw>
<kw name="Log To Console" library="BuiltIn">
<arg>${linkText}</arg>
<doc>Logs the given message to the console.</doc>
<status status="PASS" starttime="20230327 19:00:17.680" endtime="20230327 19:00:17.680"/>
</kw>
<status status="PASS" starttime="20230327 19:00:17.659" endtime="20230327 19:00:17.680"/>
</iter>
<iter>
<var name="${i}">141</var>
<kw name="Get Text" library="SeleniumLibrary">
<var>${linkText}</var>
<arg>xpath:(//a)[${i}]</arg>
<doc>Returns the text value of the element identified by ``locator``.</doc>
<msg timestamp="20230327 19:00:17.700" level="INFO">${linkText} = Votre publicité gratuite dans la newsletter de ConseilsMarketing.fr !</msg>
<status status="PASS" starttime="20230327 19:00:17.680" endtime="20230327 19:00:17.700"/>
</kw>
<kw name="Log To Console" library="BuiltIn">
<arg>${linkText}</arg>
<doc>Logs the given message to the console.</doc>
<status status="PASS" starttime="20230327 19:00:17.700" endtime="20230327 19:00:17.701"/>
</kw>
<status status="PASS" starttime="20230327 19:00:17.680" endtime="20230327 19:00:17.701"/>
</iter>
<iter>
<var name="${i}">142</var>
<kw name="Get Text" library="SeleniumLibrary">
<var>${linkText}</var>
<arg>xpath:(//a)[${i}]</arg>
<doc>Returns the text value of the element identified by ``locator``.</doc>
<msg timestamp="20230327 19:00:17.720" level="INFO">${linkText} = </msg>
<status status="PASS" starttime="20230327 19:00:17.701" endtime="20230327 19:00:17.720"/>
</kw>
<kw name="Log To Console" library="BuiltIn">
<arg>${linkText}</arg>
<doc>Logs the given message to the console.</doc>
<status status="PASS" starttime="20230327 19:00:17.720" endtime="20230327 19:00:17.720"/>
</kw>
<status status="PASS" starttime="20230327 19:00:17.701" endtime="20230327 19:00:17.720"/>
</iter>
<iter>
<var name="${i}">143</var>
<kw name="Get Text" library="SeleniumLibrary">
<var>${linkText}</var>
<arg>xpath:(//a)[${i}]</arg>
<doc>Returns the text value of the element identified by ``locator``.</doc>
<msg timestamp="20230327 19:00:17.740" level="INFO">${linkText} = DIVERS</msg>
<status status="PASS" starttime="20230327 19:00:17.720" endtime="20230327 19:00:17.740"/>
</kw>
<kw name="Log To Console" library="BuiltIn">
<arg>${linkText}</arg>
<doc>Logs the given message to the console.</doc>
<status status="PASS" starttime="20230327 19:00:17.740" endtime="20230327 19:00:17.741"/>
</kw>
<status status="PASS" starttime="20230327 19:00:17.720" endtime="20230327 19:00:17.741"/>
</iter>
<iter>
<var name="${i}">144</var>
<kw name="Get Text" library="SeleniumLibrary">
<var>${linkText}</var>
<arg>xpath:(//a)[${i}]</arg>
<doc>Returns the text value of the element identified by ``locator``.</doc>
<msg timestamp="20230327 19:00:17.761" level="INFO">${linkText} = La définition du terme infographie (infographic)</msg>
<status status="PASS" starttime="20230327 19:00:17.741" endtime="20230327 19:00:17.761"/>
</kw>
<kw name="Log To Console" library="BuiltIn">
<arg>${linkText}</arg>
<doc>Logs the given message to the console.</doc>
<status status="PASS" starttime="20230327 19:00:17.761" endtime="20230327 19:00:17.762"/>
</kw>
<status status="PASS" starttime="20230327 19:00:17.741" endtime="20230327 19:00:17.762"/>
</iter>
<iter>
<var name="${i}">145</var>
<kw name="Get Text" library="SeleniumLibrary">
<var>${linkText}</var>
<arg>xpath:(//a)[${i}]</arg>
<doc>Returns the text value of the element identified by ``locator``.</doc>
<msg timestamp="20230327 19:00:17.783" level="INFO">${linkText} = DIVERS</msg>
<status status="PASS" starttime="20230327 19:00:17.762" endtime="20230327 19:00:17.783"/>
</kw>
<kw name="Log To Console" library="BuiltIn">
<arg>${linkText}</arg>
<doc>Logs the given message to the console.</doc>
<status status="PASS" starttime="20230327 19:00:17.783" endtime="20230327 19:00:17.783"/>
</kw>
<status status="PASS" starttime="20230327 19:00:17.762" endtime="20230327 19:00:17.783"/>
</iter>
<iter>
<var name="${i}">146</var>
<kw name="Get Text" library="SeleniumLibrary">
<var>${linkText}</var>
<arg>xpath:(//a)[${i}]</arg>
<doc>Returns the text value of the element identified by ``locator``.</doc>
<msg timestamp="20230327 19:00:17.803" level="INFO">${linkText} = RDV au Web2Connect samedi 28 juin à Paris !</msg>
<status status="PASS" starttime="20230327 19:00:17.783" endtime="20230327 19:00:17.803"/>
</kw>
<kw name="Log To Console" library="BuiltIn">
<arg>${linkText}</arg>
<doc>Logs the given message to the console.</doc>
<status status="PASS" starttime="20230327 19:00:17.804" endtime="20230327 19:00:17.804"/>
</kw>
<status status="PASS" starttime="20230327 19:00:17.783" endtime="20230327 19:00:17.804"/>
</iter>
<iter>
<var name="${i}">147</var>
<kw name="Get Text" library="SeleniumLibrary">
<var>${linkText}</var>
<arg>xpath:(//a)[${i}]</arg>
<doc>Returns the text value of the element identified by ``locator``.</doc>
<msg timestamp="20230327 19:00:17.825" level="INFO">${linkText} = BLOGS</msg>
<status status="PASS" starttime="20230327 19:00:17.804" endtime="20230327 19:00:17.825"/>
</kw>
<kw name="Log To Console" library="BuiltIn">
<arg>${linkText}</arg>
<doc>Logs the given message to the console.</doc>
<status status="PASS" starttime="20230327 19:00:17.825" endtime="20230327 19:00:17.825"/>
</kw>
<status status="PASS" starttime="20230327 19:00:17.804" endtime="20230327 19:00:17.825"/>
</iter>
<iter>
<var name="${i}">148</var>
<kw name="Get Text" library="SeleniumLibrary">
<var>${linkText}</var>
<arg>xpath:(//a)[${i}]</arg>
<doc>Returns the text value of the element identified by ``locator``.</doc>
<msg timestamp="20230327 19:00:17.847" level="INFO">${linkText} = DIVERS</msg>
<status status="PASS" starttime="20230327 19:00:17.826" endtime="20230327 19:00:17.847"/>
</kw>
<kw name="Log To Console" library="BuiltIn">
<arg>${linkText}</arg>
<doc>Logs the given message to the console.</doc>
<status status="PASS" starttime="20230327 19:00:17.847" endtime="20230327 19:00:17.847"/>
</kw>
<status status="PASS" starttime="20230327 19:00:17.826" endtime="20230327 19:00:17.847"/>
</iter>
<iter>
<var name="${i}">149</var>
<kw name="Get Text" library="SeleniumLibrary">
<var>${linkText}</var>
<arg>xpath:(//a)[${i}]</arg>
<doc>Returns the text value of the element identified by ``locator``.</doc>
<msg timestamp="20230327 19:00:17.867" level="INFO">${linkText} = EMAILING</msg>
<status status="PASS" starttime="20230327 19:00:17.848" endtime="20230327 19:00:17.867"/>
</kw>
<kw name="Log To Console" library="BuiltIn">
<arg>${linkText}</arg>
<doc>Logs the given message to the console.</doc>
<status status="PASS" starttime="20230327 19:00:17.868" endtime="20230327 19:00:17.868"/>
</kw>
<status status="PASS" starttime="20230327 19:00:17.847" endtime="20230327 19:00:17.868"/>
</iter>
<iter>
<var name="${i}">150</var>
<kw name="Get Text" library="SeleniumLibrary">
<var>${linkText}</var>
<arg>xpath:(//a)[${i}]</arg>
<doc>Returns the text value of the element identified by ``locator``.</doc>
<msg timestamp="20230327 19:00:17.889" level="INFO">${linkText} = EMARKETING</msg>
<status status="PASS" starttime="20230327 19:00:17.868" endtime="20230327 19:00:17.889"/>
</kw>
<kw name="Log To Console" library="BuiltIn">
<arg>${linkText}</arg>
<doc>Logs the given message to the console.</doc>
<status status="PASS" starttime="20230327 19:00:17.889" endtime="20230327 19:00:17.889"/>
</kw>
<status status="PASS" starttime="20230327 19:00:17.868" endtime="20230327 19:00:17.889"/>
</iter>
<iter>
<var name="${i}">151</var>
<kw name="Get Text" library="SeleniumLibrary">
<var>${linkText}</var>
<arg>xpath:(//a)[${i}]</arg>
<doc>Returns the text value of the element identified by ``locator``.</doc>
<msg timestamp="20230327 19:00:17.910" level="INFO">${linkText} = FIDÉLISATION</msg>
<status status="PASS" starttime="20230327 19:00:17.889" endtime="20230327 19:00:17.910"/>
</kw>
<kw name="Log To Console" library="BuiltIn">
<arg>${linkText}</arg>
<doc>Logs the given message to the console.</doc>
<status status="PASS" starttime="20230327 19:00:17.910" endtime="20230327 19:00:17.910"/>
</kw>
<status status="PASS" starttime="20230327 19:00:17.889" endtime="20230327 19:00:17.910"/>
</iter>
<iter>
<var name="${i}">152</var>
<kw name="Get Text" library="SeleniumLibrary">
<var>${linkText}</var>
<arg>xpath:(//a)[${i}]</arg>
<doc>Returns the text value of the element identified by ``locator``.</doc>
<msg timestamp="20230327 19:00:17.930" level="INFO">${linkText} = LIVRES</msg>
<status status="PASS" starttime="20230327 19:00:17.910" endtime="20230327 19:00:17.930"/>
</kw>
<kw name="Log To Console" library="BuiltIn">
<arg>${linkText}</arg>
<doc>Logs the given message to the console.</doc>
<status status="PASS" starttime="20230327 19:00:17.930" endtime="20230327 19:00:17.930"/>
</kw>
<status status="PASS" starttime="20230327 19:00:17.910" endtime="20230327 19:00:17.930"/>
</iter>
<iter>
<var name="${i}">153</var>
<kw name="Get Text" library="SeleniumLibrary">
<var>${linkText}</var>
<arg>xpath:(//a)[${i}]</arg>
<doc>Returns the text value of the element identified by ``locator``.</doc>
<msg timestamp="20230327 19:00:17.950" level="INFO">${linkText} = PROMOTION</msg>
<status status="PASS" starttime="20230327 19:00:17.930" endtime="20230327 19:00:17.950"/>
</kw>
<kw name="Log To Console" library="BuiltIn">
<arg>${linkText}</arg>
<doc>Logs the given message to the console.</doc>
<status status="PASS" starttime="20230327 19:00:17.950" endtime="20230327 19:00:17.951"/>
</kw>
<status status="PASS" starttime="20230327 19:00:17.930" endtime="20230327 19:00:17.951"/>
</iter>
<iter>
<var name="${i}">154</var>
<kw name="Get Text" library="SeleniumLibrary">
<var>${linkText}</var>
<arg>xpath:(//a)[${i}]</arg>
<doc>Returns the text value of the element identified by ``locator``.</doc>
<msg timestamp="20230327 19:00:17.971" level="INFO">${linkText} = PUB</msg>
<status status="PASS" starttime="20230327 19:00:17.951" endtime="20230327 19:00:17.971"/>
</kw>
<kw name="Log To Console" library="BuiltIn">
<arg>${linkText}</arg>
<doc>Logs the given message to the console.</doc>
<status status="PASS" starttime="20230327 19:00:17.971" endtime="20230327 19:00:17.971"/>
</kw>
<status status="PASS" starttime="20230327 19:00:17.951" endtime="20230327 19:00:17.971"/>
</iter>
<iter>
<var name="${i}">155</var>
<kw name="Get Text" library="SeleniumLibrary">
<var>${linkText}</var>
<arg>xpath:(//a)[${i}]</arg>
<doc>Returns the text value of the element identified by ``locator``.</doc>
<msg timestamp="20230327 19:00:17.991" level="INFO">${linkText} = RÉFÉRENCEMENT</msg>
<status status="PASS" starttime="20230327 19:00:17.971" endtime="20230327 19:00:17.991"/>
</kw>
<kw name="Log To Console" library="BuiltIn">
<arg>${linkText}</arg>
<doc>Logs the given message to the console.</doc>
<status status="PASS" starttime="20230327 19:00:17.991" endtime="20230327 19:00:17.992"/>
</kw>
<status status="PASS" starttime="20230327 19:00:17.971" endtime="20230327 19:00:17.992"/>
</iter>
<status status="PASS" starttime="20230327 19:00:12.562" endtime="20230327 19:00:17.992"/>
</for>
<kw name="End Test" library="Common" type="TEARDOWN">
<kw name="Close Browser" library="SeleniumLibrary">
<doc>Closes the current browser.</doc>
<status status="PASS" starttime="20230327 19:00:17.992" endtime="20230327 19:00:18.118"/>
</kw>
<status status="PASS" starttime="20230327 19:00:17.992" endtime="20230327 19:00:18.118"/>
</kw>
<status status="PASS" starttime="20230327 19:00:08.951" endtime="20230327 19:00:18.118"/>
</test>
<status status="PASS" starttime="20230327 19:00:08.948" endtime="20230327 19:00:18.119"/>
</suite>
<suite id="s1-s3" name="TC3" source="/Users/adammoreau/SDET/TestCases/TC3.robot">
<test id="s1-s3-t1" name="Testcase1" line="10">
<kw name="Log To Console" library="BuiltIn">
<arg>hey i'm test case number1</arg>
<doc>Logs the given message to the console.</doc>
<status status="PASS" starttime="20230327 19:00:18.122" endtime="20230327 19:00:18.122"/>
</kw>
<tag>login</tag>
<status status="PASS" starttime="20230327 19:00:18.122" endtime="20230327 19:00:18.123"/>
</test>
<test id="s1-s3-t2" name="Testcase2" line="14">
<kw name="Log To Console" library="BuiltIn">
<arg>hey i'm test case number2</arg>
<doc>Logs the given message to the console.</doc>
<status status="PASS" starttime="20230327 19:00:18.123" endtime="20230327 19:00:18.123"/>
</kw>
<status status="PASS" starttime="20230327 19:00:18.123" endtime="20230327 19:00:18.123"/>
</test>
<test id="s1-s3-t3" name="Testcase3" line="16">
<kw name="Log To Console" library="BuiltIn">
<arg>hey i'm test case number3</arg>
<doc>Logs the given message to the console.</doc>
<status status="PASS" starttime="20230327 19:00:18.124" endtime="20230327 19:00:18.124"/>
</kw>
<tag>login</tag>
<status status="PASS" starttime="20230327 19:00:18.123" endtime="20230327 19:00:18.124"/>
</test>
<status status="PASS" starttime="20230327 19:00:18.120" endtime="20230327 19:00:18.124"/>
</suite>
<status status="FAIL" starttime="20230327 19:00:03.739" endtime="20230327 19:00:18.125"/>
</suite>
<statistics>
<total>
<stat pass="4" fail="1" skip="0">All Tests</stat>
</total>
<tag>
<stat pass="2" fail="0" skip="0">login</stat>
</tag>
<suite>
<stat pass="4" fail="1" skip="0" id="s1" name="TC1 &amp; TC2 &amp; TC3">TC1 &amp; TC2 &amp; TC3</stat>
<stat pass="0" fail="1" skip="0" id="s1-s1" name="TC1">TC1 &amp; TC2 &amp; TC3.TC1</stat>
<stat pass="1" fail="0" skip="0" id="s1-s2" name="TC2">TC1 &amp; TC2 &amp; TC3.TC2</stat>
<stat pass="3" fail="0" skip="0" id="s1-s3" name="TC3">TC1 &amp; TC2 &amp; TC3.TC3</stat>
</suite>
</statistics>
<errors>
</errors>
</robot>
